
AVRASM ver. 2.1.30  C:\Users\Win 10\Desktop\university\term7\micro Lab\my_answers\Lab9_hadis_ghafouri_9825413\codevision\implement_getchar_putchar_spi\slave\Debug\List\slave.asm Sat Dec 31 08:54:39 2022

C:\Users\Win 10\Desktop\university\term7\micro Lab\my_answers\Lab9_hadis_ghafouri_9825413\codevision\implement_getchar_putchar_spi\slave\Debug\List\slave.asm(1088): warning: Register r5 already defined by the .DEF directive
C:\Users\Win 10\Desktop\university\term7\micro Lab\my_answers\Lab9_hadis_ghafouri_9825413\codevision\implement_getchar_putchar_spi\slave\Debug\List\slave.asm(1089): warning: Register r4 already defined by the .DEF directive
C:\Users\Win 10\Desktop\university\term7\micro Lab\my_answers\Lab9_hadis_ghafouri_9825413\codevision\implement_getchar_putchar_spi\slave\Debug\List\slave.asm(1090): warning: Register r7 already defined by the .DEF directive
                 
                 
                 ;CodeVisionAVR C Compiler V3.12 Advanced
                 ;(C) Copyright 1998-2014 Pavel Haiduc, HP InfoTech s.r.l.
                 ;http://www.hpinfotech.com
                 
                 ;Build configuration    : Debug
                 ;Chip type              : ATmega16
                 ;Program type           : Application
                 ;Clock frequency        : 8.000000 MHz
                 ;Memory model           : Small
                 ;Optimize for           : Size
                 ;(s)printf features     : int, width
                 ;(s)scanf features      : int, width
                 ;External RAM size      : 0
                 ;Data Stack size        : 256 byte(s)
                 ;Heap size              : 0 byte(s)
                 ;Promote 'char' to 'int': Yes
                 ;'char' is unsigned     : Yes
                 ;8 bit enums            : Yes
                 ;Global 'const' stored in FLASH: Yes
                 ;Enhanced function parameter passing: Yes
                 ;Enhanced core instructions: On
                 ;Automatic register allocation for global variables: On
                 ;Smart register allocation: On
                 
                 	#define _MODEL_SMALL_
                 
                 	#pragma AVRPART ADMIN PART_NAME ATmega16
                 	#pragma AVRPART MEMORY PROG_FLASH 16384
                 	#pragma AVRPART MEMORY EEPROM 512
                 	#pragma AVRPART MEMORY INT_SRAM SIZE 1024
                 	#pragma AVRPART MEMORY INT_SRAM START_ADDR 0x60
                 
                 	#define CALL_SUPPORTED 1
                 
                 	.LISTMAC
                 	.EQU UDRE=0x5
                 	.EQU RXC=0x7
                 	.EQU USR=0xB
                 	.EQU UDR=0xC
                 	.EQU SPSR=0xE
                 	.EQU SPDR=0xF
                 	.EQU EERE=0x0
                 	.EQU EEWE=0x1
                 	.EQU EEMWE=0x2
                 	.EQU EECR=0x1C
                 	.EQU EEDR=0x1D
                 	.EQU EEARL=0x1E
                 	.EQU EEARH=0x1F
                 	.EQU WDTCR=0x21
                 	.EQU MCUCR=0x35
                 	.EQU GICR=0x3B
                 	.EQU SPL=0x3D
                 	.EQU SPH=0x3E
                 	.EQU SREG=0x3F
                 
                 	.DEF R0X0=R0
                 	.DEF R0X1=R1
                 	.DEF R0X2=R2
                 	.DEF R0X3=R3
                 	.DEF R0X4=R4
                 	.DEF R0X5=R5
                 	.DEF R0X6=R6
                 	.DEF R0X7=R7
                 	.DEF R0X8=R8
                 	.DEF R0X9=R9
                 	.DEF R0XA=R10
                 	.DEF R0XB=R11
                 	.DEF R0XC=R12
                 	.DEF R0XD=R13
                 	.DEF R0XE=R14
                 	.DEF R0XF=R15
                 	.DEF R0X10=R16
                 	.DEF R0X11=R17
                 	.DEF R0X12=R18
                 	.DEF R0X13=R19
                 	.DEF R0X14=R20
                 	.DEF R0X15=R21
                 	.DEF R0X16=R22
                 	.DEF R0X17=R23
                 	.DEF R0X18=R24
                 	.DEF R0X19=R25
                 	.DEF R0X1A=R26
                 	.DEF R0X1B=R27
                 	.DEF R0X1C=R28
                 	.DEF R0X1D=R29
                 	.DEF R0X1E=R30
                 	.DEF R0X1F=R31
                 
                 	.EQU __SRAM_START=0x0060
                 	.EQU __SRAM_END=0x045F
                 	.EQU __DSTACK_SIZE=0x0100
                 	.EQU __HEAP_SIZE=0x0000
                 	.EQU __CLEAR_SRAM_SIZE=__SRAM_END-__SRAM_START+1
                 
                 	.MACRO __CPD1N
                 	CPI  R30,LOW(@0)
                 	LDI  R26,HIGH(@0)
                 	CPC  R31,R26
                 	LDI  R26,BYTE3(@0)
                 	CPC  R22,R26
                 	LDI  R26,BYTE4(@0)
                 	CPC  R23,R26
                 	.ENDM
                 
                 	.MACRO __CPD2N
                 	CPI  R26,LOW(@0)
                 	LDI  R30,HIGH(@0)
                 	CPC  R27,R30
                 	LDI  R30,BYTE3(@0)
                 	CPC  R24,R30
                 	LDI  R30,BYTE4(@0)
                 	CPC  R25,R30
                 	.ENDM
                 
                 	.MACRO __CPWRR
                 	CP   R@0,R@2
                 	CPC  R@1,R@3
                 	.ENDM
                 
                 	.MACRO __CPWRN
                 	CPI  R@0,LOW(@2)
                 	LDI  R30,HIGH(@2)
                 	CPC  R@1,R30
                 	.ENDM
                 
                 	.MACRO __ADDB1MN
                 	SUBI R30,LOW(-@0-(@1))
                 	.ENDM
                 
                 	.MACRO __ADDB2MN
                 	SUBI R26,LOW(-@0-(@1))
                 	.ENDM
                 
                 	.MACRO __ADDW1MN
                 	SUBI R30,LOW(-@0-(@1))
                 	SBCI R31,HIGH(-@0-(@1))
                 	.ENDM
                 
                 	.MACRO __ADDW2MN
                 	SUBI R26,LOW(-@0-(@1))
                 	SBCI R27,HIGH(-@0-(@1))
                 	.ENDM
                 
                 	.MACRO __ADDW1FN
                 	SUBI R30,LOW(-2*@0-(@1))
                 	SBCI R31,HIGH(-2*@0-(@1))
                 	.ENDM
                 
                 	.MACRO __ADDD1FN
                 	SUBI R30,LOW(-2*@0-(@1))
                 	SBCI R31,HIGH(-2*@0-(@1))
                 	SBCI R22,BYTE3(-2*@0-(@1))
                 	.ENDM
                 
                 	.MACRO __ADDD1N
                 	SUBI R30,LOW(-@0)
                 	SBCI R31,HIGH(-@0)
                 	SBCI R22,BYTE3(-@0)
                 	SBCI R23,BYTE4(-@0)
                 	.ENDM
                 
                 	.MACRO __ADDD2N
                 	SUBI R26,LOW(-@0)
                 	SBCI R27,HIGH(-@0)
                 	SBCI R24,BYTE3(-@0)
                 	SBCI R25,BYTE4(-@0)
                 	.ENDM
                 
                 	.MACRO __SUBD1N
                 	SUBI R30,LOW(@0)
                 	SBCI R31,HIGH(@0)
                 	SBCI R22,BYTE3(@0)
                 	SBCI R23,BYTE4(@0)
                 	.ENDM
                 
                 	.MACRO __SUBD2N
                 	SUBI R26,LOW(@0)
                 	SBCI R27,HIGH(@0)
                 	SBCI R24,BYTE3(@0)
                 	SBCI R25,BYTE4(@0)
                 	.ENDM
                 
                 	.MACRO __ANDBMNN
                 	LDS  R30,@0+(@1)
                 	ANDI R30,LOW(@2)
                 	STS  @0+(@1),R30
                 	.ENDM
                 
                 	.MACRO __ANDWMNN
                 	LDS  R30,@0+(@1)
                 	ANDI R30,LOW(@2)
                 	STS  @0+(@1),R30
                 	LDS  R30,@0+(@1)+1
                 	ANDI R30,HIGH(@2)
                 	STS  @0+(@1)+1,R30
                 	.ENDM
                 
                 	.MACRO __ANDD1N
                 	ANDI R30,LOW(@0)
                 	ANDI R31,HIGH(@0)
                 	ANDI R22,BYTE3(@0)
                 	ANDI R23,BYTE4(@0)
                 	.ENDM
                 
                 	.MACRO __ANDD2N
                 	ANDI R26,LOW(@0)
                 	ANDI R27,HIGH(@0)
                 	ANDI R24,BYTE3(@0)
                 	ANDI R25,BYTE4(@0)
                 	.ENDM
                 
                 	.MACRO __ORBMNN
                 	LDS  R30,@0+(@1)
                 	ORI  R30,LOW(@2)
                 	STS  @0+(@1),R30
                 	.ENDM
                 
                 	.MACRO __ORWMNN
                 	LDS  R30,@0+(@1)
                 	ORI  R30,LOW(@2)
                 	STS  @0+(@1),R30
                 	LDS  R30,@0+(@1)+1
                 	ORI  R30,HIGH(@2)
                 	STS  @0+(@1)+1,R30
                 	.ENDM
                 
                 	.MACRO __ORD1N
                 	ORI  R30,LOW(@0)
                 	ORI  R31,HIGH(@0)
                 	ORI  R22,BYTE3(@0)
                 	ORI  R23,BYTE4(@0)
                 	.ENDM
                 
                 	.MACRO __ORD2N
                 	ORI  R26,LOW(@0)
                 	ORI  R27,HIGH(@0)
                 	ORI  R24,BYTE3(@0)
                 	ORI  R25,BYTE4(@0)
                 	.ENDM
                 
                 	.MACRO __DELAY_USB
                 	LDI  R24,LOW(@0)
                 __DELAY_USB_LOOP:
                 	DEC  R24
                 	BRNE __DELAY_USB_LOOP
                 	.ENDM
                 
                 	.MACRO __DELAY_USW
                 	LDI  R24,LOW(@0)
                 	LDI  R25,HIGH(@0)
                 __DELAY_USW_LOOP:
                 	SBIW R24,1
                 	BRNE __DELAY_USW_LOOP
                 	.ENDM
                 
                 	.MACRO __GETD1S
                 	LDD  R30,Y+@0
                 	LDD  R31,Y+@0+1
                 	LDD  R22,Y+@0+2
                 	LDD  R23,Y+@0+3
                 	.ENDM
                 
                 	.MACRO __GETD2S
                 	LDD  R26,Y+@0
                 	LDD  R27,Y+@0+1
                 	LDD  R24,Y+@0+2
                 	LDD  R25,Y+@0+3
                 	.ENDM
                 
                 	.MACRO __PUTD1S
                 	STD  Y+@0,R30
                 	STD  Y+@0+1,R31
                 	STD  Y+@0+2,R22
                 	STD  Y+@0+3,R23
                 	.ENDM
                 
                 	.MACRO __PUTD2S
                 	STD  Y+@0,R26
                 	STD  Y+@0+1,R27
                 	STD  Y+@0+2,R24
                 	STD  Y+@0+3,R25
                 	.ENDM
                 
                 	.MACRO __PUTDZ2
                 	STD  Z+@0,R26
                 	STD  Z+@0+1,R27
                 	STD  Z+@0+2,R24
                 	STD  Z+@0+3,R25
                 	.ENDM
                 
                 	.MACRO __CLRD1S
                 	STD  Y+@0,R30
                 	STD  Y+@0+1,R30
                 	STD  Y+@0+2,R30
                 	STD  Y+@0+3,R30
                 	.ENDM
                 
                 	.MACRO __POINTB1MN
                 	LDI  R30,LOW(@0+(@1))
                 	.ENDM
                 
                 	.MACRO __POINTW1MN
                 	LDI  R30,LOW(@0+(@1))
                 	LDI  R31,HIGH(@0+(@1))
                 	.ENDM
                 
                 	.MACRO __POINTD1M
                 	LDI  R30,LOW(@0)
                 	LDI  R31,HIGH(@0)
                 	LDI  R22,BYTE3(@0)
                 	LDI  R23,BYTE4(@0)
                 	.ENDM
                 
                 	.MACRO __POINTW1FN
                 	LDI  R30,LOW(2*@0+(@1))
                 	LDI  R31,HIGH(2*@0+(@1))
                 	.ENDM
                 
                 	.MACRO __POINTD1FN
                 	LDI  R30,LOW(2*@0+(@1))
                 	LDI  R31,HIGH(2*@0+(@1))
                 	LDI  R22,BYTE3(2*@0+(@1))
                 	LDI  R23,BYTE4(2*@0+(@1))
                 	.ENDM
                 
                 	.MACRO __POINTB2MN
                 	LDI  R26,LOW(@0+(@1))
                 	.ENDM
                 
                 	.MACRO __POINTW2MN
                 	LDI  R26,LOW(@0+(@1))
                 	LDI  R27,HIGH(@0+(@1))
                 	.ENDM
                 
                 	.MACRO __POINTW2FN
                 	LDI  R26,LOW(2*@0+(@1))
                 	LDI  R27,HIGH(2*@0+(@1))
                 	.ENDM
                 
                 	.MACRO __POINTD2FN
                 	LDI  R26,LOW(2*@0+(@1))
                 	LDI  R27,HIGH(2*@0+(@1))
                 	LDI  R24,BYTE3(2*@0+(@1))
                 	LDI  R25,BYTE4(2*@0+(@1))
                 	.ENDM
                 
                 	.MACRO __POINTBRM
                 	LDI  R@0,LOW(@1)
                 	.ENDM
                 
                 	.MACRO __POINTWRM
                 	LDI  R@0,LOW(@2)
                 	LDI  R@1,HIGH(@2)
                 	.ENDM
                 
                 	.MACRO __POINTBRMN
                 	LDI  R@0,LOW(@1+(@2))
                 	.ENDM
                 
                 	.MACRO __POINTWRMN
                 	LDI  R@0,LOW(@2+(@3))
                 	LDI  R@1,HIGH(@2+(@3))
                 	.ENDM
                 
                 	.MACRO __POINTWRFN
                 	LDI  R@0,LOW(@2*2+(@3))
                 	LDI  R@1,HIGH(@2*2+(@3))
                 	.ENDM
                 
                 	.MACRO __GETD1N
                 	LDI  R30,LOW(@0)
                 	LDI  R31,HIGH(@0)
                 	LDI  R22,BYTE3(@0)
                 	LDI  R23,BYTE4(@0)
                 	.ENDM
                 
                 	.MACRO __GETD2N
                 	LDI  R26,LOW(@0)
                 	LDI  R27,HIGH(@0)
                 	LDI  R24,BYTE3(@0)
                 	LDI  R25,BYTE4(@0)
                 	.ENDM
                 
                 	.MACRO __GETB1MN
                 	LDS  R30,@0+(@1)
                 	.ENDM
                 
                 	.MACRO __GETB1HMN
                 	LDS  R31,@0+(@1)
                 	.ENDM
                 
                 	.MACRO __GETW1MN
                 	LDS  R30,@0+(@1)
                 	LDS  R31,@0+(@1)+1
                 	.ENDM
                 
                 	.MACRO __GETD1MN
                 	LDS  R30,@0+(@1)
                 	LDS  R31,@0+(@1)+1
                 	LDS  R22,@0+(@1)+2
                 	LDS  R23,@0+(@1)+3
                 	.ENDM
                 
                 	.MACRO __GETBRMN
                 	LDS  R@0,@1+(@2)
                 	.ENDM
                 
                 	.MACRO __GETWRMN
                 	LDS  R@0,@2+(@3)
                 	LDS  R@1,@2+(@3)+1
                 	.ENDM
                 
                 	.MACRO __GETWRZ
                 	LDD  R@0,Z+@2
                 	LDD  R@1,Z+@2+1
                 	.ENDM
                 
                 	.MACRO __GETD2Z
                 	LDD  R26,Z+@0
                 	LDD  R27,Z+@0+1
                 	LDD  R24,Z+@0+2
                 	LDD  R25,Z+@0+3
                 	.ENDM
                 
                 	.MACRO __GETB2MN
                 	LDS  R26,@0+(@1)
                 	.ENDM
                 
                 	.MACRO __GETW2MN
                 	LDS  R26,@0+(@1)
                 	LDS  R27,@0+(@1)+1
                 	.ENDM
                 
                 	.MACRO __GETD2MN
                 	LDS  R26,@0+(@1)
                 	LDS  R27,@0+(@1)+1
                 	LDS  R24,@0+(@1)+2
                 	LDS  R25,@0+(@1)+3
                 	.ENDM
                 
                 	.MACRO __PUTB1MN
                 	STS  @0+(@1),R30
                 	.ENDM
                 
                 	.MACRO __PUTW1MN
                 	STS  @0+(@1),R30
                 	STS  @0+(@1)+1,R31
                 	.ENDM
                 
                 	.MACRO __PUTD1MN
                 	STS  @0+(@1),R30
                 	STS  @0+(@1)+1,R31
                 	STS  @0+(@1)+2,R22
                 	STS  @0+(@1)+3,R23
                 	.ENDM
                 
                 	.MACRO __PUTB1EN
                 	LDI  R26,LOW(@0+(@1))
                 	LDI  R27,HIGH(@0+(@1))
                 	CALL __EEPROMWRB
                 	.ENDM
                 
                 	.MACRO __PUTW1EN
                 	LDI  R26,LOW(@0+(@1))
                 	LDI  R27,HIGH(@0+(@1))
                 	CALL __EEPROMWRW
                 	.ENDM
                 
                 	.MACRO __PUTD1EN
                 	LDI  R26,LOW(@0+(@1))
                 	LDI  R27,HIGH(@0+(@1))
                 	CALL __EEPROMWRD
                 	.ENDM
                 
                 	.MACRO __PUTBR0MN
                 	STS  @0+(@1),R0
                 	.ENDM
                 
                 	.MACRO __PUTBMRN
                 	STS  @0+(@1),R@2
                 	.ENDM
                 
                 	.MACRO __PUTWMRN
                 	STS  @0+(@1),R@2
                 	STS  @0+(@1)+1,R@3
                 	.ENDM
                 
                 	.MACRO __PUTBZR
                 	STD  Z+@1,R@0
                 	.ENDM
                 
                 	.MACRO __PUTWZR
                 	STD  Z+@2,R@0
                 	STD  Z+@2+1,R@1
                 	.ENDM
                 
                 	.MACRO __GETW1R
                 	MOV  R30,R@0
                 	MOV  R31,R@1
                 	.ENDM
                 
                 	.MACRO __GETW2R
                 	MOV  R26,R@0
                 	MOV  R27,R@1
                 	.ENDM
                 
                 	.MACRO __GETWRN
                 	LDI  R@0,LOW(@2)
                 	LDI  R@1,HIGH(@2)
                 	.ENDM
                 
                 	.MACRO __PUTW1R
                 	MOV  R@0,R30
                 	MOV  R@1,R31
                 	.ENDM
                 
                 	.MACRO __PUTW2R
                 	MOV  R@0,R26
                 	MOV  R@1,R27
                 	.ENDM
                 
                 	.MACRO __ADDWRN
                 	SUBI R@0,LOW(-@2)
                 	SBCI R@1,HIGH(-@2)
                 	.ENDM
                 
                 	.MACRO __ADDWRR
                 	ADD  R@0,R@2
                 	ADC  R@1,R@3
                 	.ENDM
                 
                 	.MACRO __SUBWRN
                 	SUBI R@0,LOW(@2)
                 	SBCI R@1,HIGH(@2)
                 	.ENDM
                 
                 	.MACRO __SUBWRR
                 	SUB  R@0,R@2
                 	SBC  R@1,R@3
                 	.ENDM
                 
                 	.MACRO __ANDWRN
                 	ANDI R@0,LOW(@2)
                 	ANDI R@1,HIGH(@2)
                 	.ENDM
                 
                 	.MACRO __ANDWRR
                 	AND  R@0,R@2
                 	AND  R@1,R@3
                 	.ENDM
                 
                 	.MACRO __ORWRN
                 	ORI  R@0,LOW(@2)
                 	ORI  R@1,HIGH(@2)
                 	.ENDM
                 
                 	.MACRO __ORWRR
                 	OR   R@0,R@2
                 	OR   R@1,R@3
                 	.ENDM
                 
                 	.MACRO __EORWRR
                 	EOR  R@0,R@2
                 	EOR  R@1,R@3
                 	.ENDM
                 
                 	.MACRO __GETWRS
                 	LDD  R@0,Y+@2
                 	LDD  R@1,Y+@2+1
                 	.ENDM
                 
                 	.MACRO __PUTBSR
                 	STD  Y+@1,R@0
                 	.ENDM
                 
                 	.MACRO __PUTWSR
                 	STD  Y+@2,R@0
                 	STD  Y+@2+1,R@1
                 	.ENDM
                 
                 	.MACRO __MOVEWRR
                 	MOV  R@0,R@2
                 	MOV  R@1,R@3
                 	.ENDM
                 
                 	.MACRO __INWR
                 	IN   R@0,@2
                 	IN   R@1,@2+1
                 	.ENDM
                 
                 	.MACRO __OUTWR
                 	OUT  @2+1,R@1
                 	OUT  @2,R@0
                 	.ENDM
                 
                 	.MACRO __CALL1MN
                 	LDS  R30,@0+(@1)
                 	LDS  R31,@0+(@1)+1
                 	ICALL
                 	.ENDM
                 
                 	.MACRO __CALL1FN
                 	LDI  R30,LOW(2*@0+(@1))
                 	LDI  R31,HIGH(2*@0+(@1))
                 	CALL __GETW1PF
                 	ICALL
                 	.ENDM
                 
                 	.MACRO __CALL2EN
                 	PUSH R26
                 	PUSH R27
                 	LDI  R26,LOW(@0+(@1))
                 	LDI  R27,HIGH(@0+(@1))
                 	CALL __EEPROMRDW
                 	POP  R27
                 	POP  R26
                 	ICALL
                 	.ENDM
                 
                 	.MACRO __CALL2EX
                 	SUBI R26,LOW(-@0)
                 	SBCI R27,HIGH(-@0)
                 	CALL __EEPROMRDD
                 	ICALL
                 	.ENDM
                 
                 	.MACRO __GETW1STACK
                 	IN   R30,SPL
                 	IN   R31,SPH
                 	ADIW R30,@0+1
                 	LD   R0,Z+
                 	LD   R31,Z
                 	MOV  R30,R0
                 	.ENDM
                 
                 	.MACRO __GETD1STACK
                 	IN   R30,SPL
                 	IN   R31,SPH
                 	ADIW R30,@0+1
                 	LD   R0,Z+
                 	LD   R1,Z+
                 	LD   R22,Z
                 	MOVW R30,R0
                 	.ENDM
                 
                 	.MACRO __NBST
                 	BST  R@0,@1
                 	IN   R30,SREG
                 	LDI  R31,0x40
                 	EOR  R30,R31
                 	OUT  SREG,R30
                 	.ENDM
                 
                 
                 	.MACRO __PUTB1SN
                 	LDD  R26,Y+@0
                 	LDD  R27,Y+@0+1
                 	SUBI R26,LOW(-@1)
                 	SBCI R27,HIGH(-@1)
                 	ST   X,R30
                 	.ENDM
                 
                 	.MACRO __PUTW1SN
                 	LDD  R26,Y+@0
                 	LDD  R27,Y+@0+1
                 	SUBI R26,LOW(-@1)
                 	SBCI R27,HIGH(-@1)
                 	ST   X+,R30
                 	ST   X,R31
                 	.ENDM
                 
                 	.MACRO __PUTD1SN
                 	LDD  R26,Y+@0
                 	LDD  R27,Y+@0+1
                 	SUBI R26,LOW(-@1)
                 	SBCI R27,HIGH(-@1)
                 	CALL __PUTDP1
                 	.ENDM
                 
                 	.MACRO __PUTB1SNS
                 	LDD  R26,Y+@0
                 	LDD  R27,Y+@0+1
                 	ADIW R26,@1
                 	ST   X,R30
                 	.ENDM
                 
                 	.MACRO __PUTW1SNS
                 	LDD  R26,Y+@0
                 	LDD  R27,Y+@0+1
                 	ADIW R26,@1
                 	ST   X+,R30
                 	ST   X,R31
                 	.ENDM
                 
                 	.MACRO __PUTD1SNS
                 	LDD  R26,Y+@0
                 	LDD  R27,Y+@0+1
                 	ADIW R26,@1
                 	CALL __PUTDP1
                 	.ENDM
                 
                 	.MACRO __PUTB1PMN
                 	LDS  R26,@0
                 	LDS  R27,@0+1
                 	SUBI R26,LOW(-@1)
                 	SBCI R27,HIGH(-@1)
                 	ST   X,R30
                 	.ENDM
                 
                 	.MACRO __PUTW1PMN
                 	LDS  R26,@0
                 	LDS  R27,@0+1
                 	SUBI R26,LOW(-@1)
                 	SBCI R27,HIGH(-@1)
                 	ST   X+,R30
                 	ST   X,R31
                 	.ENDM
                 
                 	.MACRO __PUTD1PMN
                 	LDS  R26,@0
                 	LDS  R27,@0+1
                 	SUBI R26,LOW(-@1)
                 	SBCI R27,HIGH(-@1)
                 	CALL __PUTDP1
                 	.ENDM
                 
                 	.MACRO __PUTB1PMNS
                 	LDS  R26,@0
                 	LDS  R27,@0+1
                 	ADIW R26,@1
                 	ST   X,R30
                 	.ENDM
                 
                 	.MACRO __PUTW1PMNS
                 	LDS  R26,@0
                 	LDS  R27,@0+1
                 	ADIW R26,@1
                 	ST   X+,R30
                 	ST   X,R31
                 	.ENDM
                 
                 	.MACRO __PUTD1PMNS
                 	LDS  R26,@0
                 	LDS  R27,@0+1
                 	ADIW R26,@1
                 	CALL __PUTDP1
                 	.ENDM
                 
                 	.MACRO __PUTB1RN
                 	MOVW R26,R@0
                 	SUBI R26,LOW(-@1)
                 	SBCI R27,HIGH(-@1)
                 	ST   X,R30
                 	.ENDM
                 
                 	.MACRO __PUTW1RN
                 	MOVW R26,R@0
                 	SUBI R26,LOW(-@1)
                 	SBCI R27,HIGH(-@1)
                 	ST   X+,R30
                 	ST   X,R31
                 	.ENDM
                 
                 	.MACRO __PUTD1RN
                 	MOVW R26,R@0
                 	SUBI R26,LOW(-@1)
                 	SBCI R27,HIGH(-@1)
                 	CALL __PUTDP1
                 	.ENDM
                 
                 	.MACRO __PUTB1RNS
                 	MOVW R26,R@0
                 	ADIW R26,@1
                 	ST   X,R30
                 	.ENDM
                 
                 	.MACRO __PUTW1RNS
                 	MOVW R26,R@0
                 	ADIW R26,@1
                 	ST   X+,R30
                 	ST   X,R31
                 	.ENDM
                 
                 	.MACRO __PUTD1RNS
                 	MOVW R26,R@0
                 	ADIW R26,@1
                 	CALL __PUTDP1
                 	.ENDM
                 
                 	.MACRO __PUTB1RON
                 	MOV  R26,R@0
                 	MOV  R27,R@1
                 	SUBI R26,LOW(-@2)
                 	SBCI R27,HIGH(-@2)
                 	ST   X,R30
                 	.ENDM
                 
                 	.MACRO __PUTW1RON
                 	MOV  R26,R@0
                 	MOV  R27,R@1
                 	SUBI R26,LOW(-@2)
                 	SBCI R27,HIGH(-@2)
                 	ST   X+,R30
                 	ST   X,R31
                 	.ENDM
                 
                 	.MACRO __PUTD1RON
                 	MOV  R26,R@0
                 	MOV  R27,R@1
                 	SUBI R26,LOW(-@2)
                 	SBCI R27,HIGH(-@2)
                 	CALL __PUTDP1
                 	.ENDM
                 
                 	.MACRO __PUTB1RONS
                 	MOV  R26,R@0
                 	MOV  R27,R@1
                 	ADIW R26,@2
                 	ST   X,R30
                 	.ENDM
                 
                 	.MACRO __PUTW1RONS
                 	MOV  R26,R@0
                 	MOV  R27,R@1
                 	ADIW R26,@2
                 	ST   X+,R30
                 	ST   X,R31
                 	.ENDM
                 
                 	.MACRO __PUTD1RONS
                 	MOV  R26,R@0
                 	MOV  R27,R@1
                 	ADIW R26,@2
                 	CALL __PUTDP1
                 	.ENDM
                 
                 
                 	.MACRO __GETB1SX
                 	MOVW R30,R28
                 	SUBI R30,LOW(-@0)
                 	SBCI R31,HIGH(-@0)
                 	LD   R30,Z
                 	.ENDM
                 
                 	.MACRO __GETB1HSX
                 	MOVW R30,R28
                 	SUBI R30,LOW(-@0)
                 	SBCI R31,HIGH(-@0)
                 	LD   R31,Z
                 	.ENDM
                 
                 	.MACRO __GETW1SX
                 	MOVW R30,R28
                 	SUBI R30,LOW(-@0)
                 	SBCI R31,HIGH(-@0)
                 	LD   R0,Z+
                 	LD   R31,Z
                 	MOV  R30,R0
                 	.ENDM
                 
                 	.MACRO __GETD1SX
                 	MOVW R30,R28
                 	SUBI R30,LOW(-@0)
                 	SBCI R31,HIGH(-@0)
                 	LD   R0,Z+
                 	LD   R1,Z+
                 	LD   R22,Z+
                 	LD   R23,Z
                 	MOVW R30,R0
                 	.ENDM
                 
                 	.MACRO __GETB2SX
                 	MOVW R26,R28
                 	SUBI R26,LOW(-@0)
                 	SBCI R27,HIGH(-@0)
                 	LD   R26,X
                 	.ENDM
                 
                 	.MACRO __GETW2SX
                 	MOVW R26,R28
                 	SUBI R26,LOW(-@0)
                 	SBCI R27,HIGH(-@0)
                 	LD   R0,X+
                 	LD   R27,X
                 	MOV  R26,R0
                 	.ENDM
                 
                 	.MACRO __GETD2SX
                 	MOVW R26,R28
                 	SUBI R26,LOW(-@0)
                 	SBCI R27,HIGH(-@0)
                 	LD   R0,X+
                 	LD   R1,X+
                 	LD   R24,X+
                 	LD   R25,X
                 	MOVW R26,R0
                 	.ENDM
                 
                 	.MACRO __GETBRSX
                 	MOVW R30,R28
                 	SUBI R30,LOW(-@1)
                 	SBCI R31,HIGH(-@1)
                 	LD   R@0,Z
                 	.ENDM
                 
                 	.MACRO __GETWRSX
                 	MOVW R30,R28
                 	SUBI R30,LOW(-@2)
                 	SBCI R31,HIGH(-@2)
                 	LD   R@0,Z+
                 	LD   R@1,Z
                 	.ENDM
                 
                 	.MACRO __GETBRSX2
                 	MOVW R26,R28
                 	SUBI R26,LOW(-@1)
                 	SBCI R27,HIGH(-@1)
                 	LD   R@0,X
                 	.ENDM
                 
                 	.MACRO __GETWRSX2
                 	MOVW R26,R28
                 	SUBI R26,LOW(-@2)
                 	SBCI R27,HIGH(-@2)
                 	LD   R@0,X+
                 	LD   R@1,X
                 	.ENDM
                 
                 	.MACRO __LSLW8SX
                 	MOVW R30,R28
                 	SUBI R30,LOW(-@0)
                 	SBCI R31,HIGH(-@0)
                 	LD   R31,Z
                 	CLR  R30
                 	.ENDM
                 
                 	.MACRO __PUTB1SX
                 	MOVW R26,R28
                 	SUBI R26,LOW(-@0)
                 	SBCI R27,HIGH(-@0)
                 	ST   X,R30
                 	.ENDM
                 
                 	.MACRO __PUTW1SX
                 	MOVW R26,R28
                 	SUBI R26,LOW(-@0)
                 	SBCI R27,HIGH(-@0)
                 	ST   X+,R30
                 	ST   X,R31
                 	.ENDM
                 
                 	.MACRO __PUTD1SX
                 	MOVW R26,R28
                 	SUBI R26,LOW(-@0)
                 	SBCI R27,HIGH(-@0)
                 	ST   X+,R30
                 	ST   X+,R31
                 	ST   X+,R22
                 	ST   X,R23
                 	.ENDM
                 
                 	.MACRO __CLRW1SX
                 	MOVW R26,R28
                 	SUBI R26,LOW(-@0)
                 	SBCI R27,HIGH(-@0)
                 	ST   X+,R30
                 	ST   X,R30
                 	.ENDM
                 
                 	.MACRO __CLRD1SX
                 	MOVW R26,R28
                 	SUBI R26,LOW(-@0)
                 	SBCI R27,HIGH(-@0)
                 	ST   X+,R30
                 	ST   X+,R30
                 	ST   X+,R30
                 	ST   X,R30
                 	.ENDM
                 
                 	.MACRO __PUTB2SX
                 	MOVW R30,R28
                 	SUBI R30,LOW(-@0)
                 	SBCI R31,HIGH(-@0)
                 	ST   Z,R26
                 	.ENDM
                 
                 	.MACRO __PUTW2SX
                 	MOVW R30,R28
                 	SUBI R30,LOW(-@0)
                 	SBCI R31,HIGH(-@0)
                 	ST   Z+,R26
                 	ST   Z,R27
                 	.ENDM
                 
                 	.MACRO __PUTD2SX
                 	MOVW R30,R28
                 	SUBI R30,LOW(-@0)
                 	SBCI R31,HIGH(-@0)
                 	ST   Z+,R26
                 	ST   Z+,R27
                 	ST   Z+,R24
                 	ST   Z,R25
                 	.ENDM
                 
                 	.MACRO __PUTBSRX
                 	MOVW R30,R28
                 	SUBI R30,LOW(-@1)
                 	SBCI R31,HIGH(-@1)
                 	ST   Z,R@0
                 	.ENDM
                 
                 	.MACRO __PUTWSRX
                 	MOVW R30,R28
                 	SUBI R30,LOW(-@2)
                 	SBCI R31,HIGH(-@2)
                 	ST   Z+,R@0
                 	ST   Z,R@1
                 	.ENDM
                 
                 	.MACRO __PUTB1SNX
                 	MOVW R26,R28
                 	SUBI R26,LOW(-@0)
                 	SBCI R27,HIGH(-@0)
                 	LD   R0,X+
                 	LD   R27,X
                 	MOV  R26,R0
                 	SUBI R26,LOW(-@1)
                 	SBCI R27,HIGH(-@1)
                 	ST   X,R30
                 	.ENDM
                 
                 	.MACRO __PUTW1SNX
                 	MOVW R26,R28
                 	SUBI R26,LOW(-@0)
                 	SBCI R27,HIGH(-@0)
                 	LD   R0,X+
                 	LD   R27,X
                 	MOV  R26,R0
                 	SUBI R26,LOW(-@1)
                 	SBCI R27,HIGH(-@1)
                 	ST   X+,R30
                 	ST   X,R31
                 	.ENDM
                 
                 	.MACRO __PUTD1SNX
                 	MOVW R26,R28
                 	SUBI R26,LOW(-@0)
                 	SBCI R27,HIGH(-@0)
                 	LD   R0,X+
                 	LD   R27,X
                 	MOV  R26,R0
                 	SUBI R26,LOW(-@1)
                 	SBCI R27,HIGH(-@1)
                 	ST   X+,R30
                 	ST   X+,R31
                 	ST   X+,R22
                 	ST   X,R23
                 	.ENDM
                 
                 	.MACRO __MULBRR
                 	MULS R@0,R@1
                 	MOVW R30,R0
                 	.ENDM
                 
                 	.MACRO __MULBRRU
                 	MUL  R@0,R@1
                 	MOVW R30,R0
                 	.ENDM
                 
                 	.MACRO __MULBRR0
                 	MULS R@0,R@1
                 	.ENDM
                 
                 	.MACRO __MULBRRU0
                 	MUL  R@0,R@1
                 	.ENDM
                 
                 	.MACRO __MULBNWRU
                 	LDI  R26,@2
                 	MUL  R26,R@0
                 	MOVW R30,R0
                 	MUL  R26,R@1
                 	ADD  R31,R0
                 	.ENDM
                 
                 ;NAME DEFINITIONS FOR GLOBAL VARIABLES ALLOCATED TO REGISTERS
                 	.DEF __lcd_x=R5
                 	.DEF __lcd_y=R4
                 	.DEF __lcd_maxx=R7
                 
                 	.CSEG
                 	.ORG 0x00
                 
                 ;START OF CODE MARKER
                 __START_OF_CODE:
                 
                 ;INTERRUPT VECTORS
000000 940c 0038 	JMP  __RESET
000002 940c 0000 	JMP  0x00
000004 940c 0000 	JMP  0x00
000006 940c 0000 	JMP  0x00
000008 940c 0000 	JMP  0x00
00000a 940c 0000 	JMP  0x00
00000c 940c 0000 	JMP  0x00
00000e 940c 0000 	JMP  0x00
000010 940c 0000 	JMP  0x00
000012 940c 0000 	JMP  0x00
000014 940c 0000 	JMP  0x00
000016 940c 0000 	JMP  0x00
000018 940c 0000 	JMP  0x00
00001a 940c 0000 	JMP  0x00
00001c 940c 0000 	JMP  0x00
00001e 940c 0000 	JMP  0x00
000020 940c 0000 	JMP  0x00
000022 940c 0000 	JMP  0x00
000024 940c 0000 	JMP  0x00
000026 940c 0000 	JMP  0x00
000028 940c 0000 	JMP  0x00
                 
                 _tbl10_G101:
00002a 2710
00002b 03e8
00002c 0064
00002d 000a      	.DB  0x10,0x27,0xE8,0x3,0x64,0x0,0xA,0x0
00002e 0001      	.DB  0x1,0x0
                 _tbl16_G101:
00002f 1000
000030 0100
000031 0010
000032 0001      	.DB  0x0,0x10,0x0,0x1,0x10,0x0,0x1,0x0
                 
                 _0x2000003:
000033 c080      	.DB  0x80,0xC0
                 
                 __GLOBAL_INI_TBL:
000034 0002      	.DW  0x02
000035 0160      	.DW  __base_y_G100
000036 0066      	.DW  _0x2000003*2
                 
                 _0xFFFFFFFF:
000037 0000      	.DW  0
                 
                 #define __GLOBAL_INI_TBL_PRESENT 1
                 
                 __RESET:
000038 94f8      	CLI
000039 27ee      	CLR  R30
00003a bbec      	OUT  EECR,R30
                 
                 ;INTERRUPT VECTORS ARE PLACED
                 ;AT THE START OF FLASH
00003b e0f1      	LDI  R31,1
00003c bffb      	OUT  GICR,R31
00003d bfeb      	OUT  GICR,R30
00003e bfe5      	OUT  MCUCR,R30
                 
                 ;CLEAR R2-R14
00003f e08d      	LDI  R24,(14-2)+1
000040 e0a2      	LDI  R26,2
000041 27bb      	CLR  R27
                 __CLEAR_REG:
000042 93ed      	ST   X+,R30
000043 958a      	DEC  R24
000044 f7e9      	BRNE __CLEAR_REG
                 
                 ;CLEAR SRAM
000045 e080      	LDI  R24,LOW(__CLEAR_SRAM_SIZE)
000046 e094      	LDI  R25,HIGH(__CLEAR_SRAM_SIZE)
000047 e6a0      	LDI  R26,__SRAM_START
                 __CLEAR_SRAM:
000048 93ed      	ST   X+,R30
000049 9701      	SBIW R24,1
00004a f7e9      	BRNE __CLEAR_SRAM
                 
                 ;GLOBAL VARIABLES INITIALIZATION
00004b e6e8      	LDI  R30,LOW(__GLOBAL_INI_TBL*2)
00004c e0f0      	LDI  R31,HIGH(__GLOBAL_INI_TBL*2)
                 __GLOBAL_INI_NEXT:
00004d 9185      	LPM  R24,Z+
00004e 9195      	LPM  R25,Z+
00004f 9700      	SBIW R24,0
000050 f061      	BREQ __GLOBAL_INI_END
000051 91a5      	LPM  R26,Z+
000052 91b5      	LPM  R27,Z+
000053 9005      	LPM  R0,Z+
000054 9015      	LPM  R1,Z+
000055 01bf      	MOVW R22,R30
000056 01f0      	MOVW R30,R0
                 __GLOBAL_INI_LOOP:
000057 9005      	LPM  R0,Z+
000058 920d      	ST   X+,R0
000059 9701      	SBIW R24,1
00005a f7e1      	BRNE __GLOBAL_INI_LOOP
00005b 01fb      	MOVW R30,R22
00005c cff0      	RJMP __GLOBAL_INI_NEXT
                 __GLOBAL_INI_END:
                 
                 ;HARDWARE STACK POINTER INITIALIZATION
00005d e5ef      	LDI  R30,LOW(__SRAM_END-__HEAP_SIZE)
00005e bfed      	OUT  SPL,R30
00005f e0e4      	LDI  R30,HIGH(__SRAM_END-__HEAP_SIZE)
000060 bfee      	OUT  SPH,R30
                 
                 ;DATA STACK POINTER INITIALIZATION
000061 e6c0      	LDI  R28,LOW(__SRAM_START+__DSTACK_SIZE)
000062 e0d1      	LDI  R29,HIGH(__SRAM_START+__DSTACK_SIZE)
                 
000063 940c 0069 	JMP  _main
                 
                 	.ESEG
                 	.ORG 0
                 
                 	.DSEG
                 	.ORG 0x160
                 
                 	.CSEG
                 ;/*******************************************************
                 ;This program was created by the
                 ;CodeWizardAVR V3.12 Advanced
                 ;Automatic Program Generator
                 ;© Copyright 1998-2014 Pavel Haiduc, HP InfoTech s.r.l.
                 ;http://www.hpinfotech.com
                 ;
                 ;Project :
                 ;Version :
                 ;Date    : 12/31/2022
                 ;Author  :
                 ;Company :
                 ;Comments:
                 ;
                 ;
                 ;Chip type               : ATmega16
                 ;Program type            : Application
                 ;AVR Core Clock frequency: 8.000000 MHz
                 ;Memory model            : Small
                 ;External RAM size       : 0
                 ;Data Stack size         : 256
                 ;*******************************************************/
                 ;
                 ;#include <mega16.h>
                 	#ifndef __SLEEP_DEFINED__
                 	#define __SLEEP_DEFINED__
                 	.EQU __se_bit=0x40
                 	.EQU __sm_mask=0xB0
                 	.EQU __sm_powerdown=0x20
                 	.EQU __sm_powersave=0x30
                 	.EQU __sm_standby=0xA0
                 	.EQU __sm_ext_standby=0xB0
                 	.EQU __sm_adc_noise_red=0x10
                 	.SET power_ctrl_reg=mcucr
                 	#endif
                 ;
                 ;// Alphanumeric LCD functions
                 ;#include <alcd.h>
                 ;
                 ;// Declare your global variables here
                 ;
                 ;// Standard Input/Output functions
                 ;#include <stdio.h>
                 ;
                 ;// SPI functions
                 ;#include <spi.h>
                 ;#include <string.h>
                 ;
                 ;#define _ALTERNATE_PUTCHAR_
                 ;#pragma used+
                 ;void putchar(char c)
                 ; 0000 0029 {
                 
                 	.CSEG
                 ; 0000 002A spi(c);
                 ;	c -> Y+0
                 ; 0000 002B }
                 ;#pragma used-
                 ;
                 ;
                 ;#define _ALTERNATE_GETCHAR_
                 ;
                 ;#pragma used+
                 ;char getchar(void)
                 ; 0000 0033 {
                 _getchar:
                 ; .FSTART _getchar
                 ; 0000 0034 return spi(0);
000065 e0a0      	LDI  R26,LOW(0)
000066 940e 0177 	CALL _spi
000068 9508      	RET
                 ; 0000 0035 }
                 ; .FEND
                 ;
                 ;#pragma used-
                 ;
                 ;
                 ;void main(void)
                 ; 0000 003B {
                 _main:
                 ; .FSTART _main
                 ; 0000 003C char scr[30];
                 ; 0000 003D 
                 ; 0000 003E // Input/Output Ports initialization
                 ; 0000 003F // Port A initialization
                 ; 0000 0040 // Function: Bit7=In Bit6=In Bit5=In Bit4=In Bit3=In Bit2=In Bit1=In Bit0=In
                 ; 0000 0041 DDRA=(0<<DDA7) | (0<<DDA6) | (0<<DDA5) | (0<<DDA4) | (0<<DDA3) | (0<<DDA2) | (0<<DDA1) | (0<<DDA0);
000069 976e      	SBIW R28,30
                 ;	scr -> Y+0
00006a e0e0      	LDI  R30,LOW(0)
00006b bbea      	OUT  0x1A,R30
                 ; 0000 0042 // State: Bit7=T Bit6=T Bit5=T Bit4=T Bit3=T Bit2=T Bit1=T Bit0=T
                 ; 0000 0043 PORTA=(0<<PORTA7) | (0<<PORTA6) | (0<<PORTA5) | (0<<PORTA4) | (0<<PORTA3) | (0<<PORTA2) | (0<<PORTA1) | (0<<PORTA0);
00006c bbeb      	OUT  0x1B,R30
                 ; 0000 0044 
                 ; 0000 0045 // Port B initialization
                 ; 0000 0046 // Function: Bit7=In Bit6=Out Bit5=In Bit4=In Bit3=In Bit2=In Bit1=In Bit0=In
                 ; 0000 0047 DDRB=(0<<DDB7) | (1<<DDB6) | (0<<DDB5) | (0<<DDB4) | (0<<DDB3) | (0<<DDB2) | (0<<DDB1) | (0<<DDB0);
00006d e4e0      	LDI  R30,LOW(64)
00006e bbe7      	OUT  0x17,R30
                 ; 0000 0048 // State: Bit7=T Bit6=0 Bit5=T Bit4=T Bit3=T Bit2=T Bit1=T Bit0=T
                 ; 0000 0049 PORTB=(0<<PORTB7) | (0<<PORTB6) | (0<<PORTB5) | (0<<PORTB4) | (0<<PORTB3) | (0<<PORTB2) | (0<<PORTB1) | (0<<PORTB0);
00006f e0e0      	LDI  R30,LOW(0)
000070 bbe8      	OUT  0x18,R30
                 ; 0000 004A 
                 ; 0000 004B // Port C initialization
                 ; 0000 004C // Function: Bit7=In Bit6=In Bit5=In Bit4=In Bit3=In Bit2=In Bit1=In Bit0=In
                 ; 0000 004D DDRC=(0<<DDC7) | (0<<DDC6) | (0<<DDC5) | (0<<DDC4) | (0<<DDC3) | (0<<DDC2) | (0<<DDC1) | (0<<DDC0);
000071 bbe4      	OUT  0x14,R30
                 ; 0000 004E // State: Bit7=T Bit6=T Bit5=T Bit4=T Bit3=T Bit2=T Bit1=T Bit0=T
                 ; 0000 004F PORTC=(0<<PORTC7) | (0<<PORTC6) | (0<<PORTC5) | (0<<PORTC4) | (0<<PORTC3) | (0<<PORTC2) | (0<<PORTC1) | (0<<PORTC0);
000072 bbe5      	OUT  0x15,R30
                 ; 0000 0050 
                 ; 0000 0051 // Port D initialization
                 ; 0000 0052 // Function: Bit7=In Bit6=In Bit5=In Bit4=In Bit3=In Bit2=In Bit1=In Bit0=In
                 ; 0000 0053 DDRD=(0<<DDD7) | (0<<DDD6) | (0<<DDD5) | (0<<DDD4) | (0<<DDD3) | (0<<DDD2) | (0<<DDD1) | (0<<DDD0);
000073 bbe1      	OUT  0x11,R30
                 ; 0000 0054 // State: Bit7=T Bit6=T Bit5=T Bit4=T Bit3=T Bit2=T Bit1=T Bit0=T
                 ; 0000 0055 PORTD=(0<<PORTD7) | (0<<PORTD6) | (0<<PORTD5) | (0<<PORTD4) | (0<<PORTD3) | (0<<PORTD2) | (0<<PORTD1) | (0<<PORTD0);
000074 bbe2      	OUT  0x12,R30
                 ; 0000 0056 
                 ; 0000 0057 // Timer/Counter 0 initialization
                 ; 0000 0058 // Clock source: System Clock
                 ; 0000 0059 // Clock value: Timer 0 Stopped
                 ; 0000 005A // Mode: Normal top=0xFF
                 ; 0000 005B // OC0 output: Disconnected
                 ; 0000 005C TCCR0=(0<<WGM00) | (0<<COM01) | (0<<COM00) | (0<<WGM01) | (0<<CS02) | (0<<CS01) | (0<<CS00);
000075 bfe3      	OUT  0x33,R30
                 ; 0000 005D TCNT0=0x00;
000076 bfe2      	OUT  0x32,R30
                 ; 0000 005E OCR0=0x00;
000077 bfec      	OUT  0x3C,R30
                 ; 0000 005F 
                 ; 0000 0060 // Timer/Counter 1 initialization
                 ; 0000 0061 // Clock source: System Clock
                 ; 0000 0062 // Clock value: Timer1 Stopped
                 ; 0000 0063 // Mode: Normal top=0xFFFF
                 ; 0000 0064 // OC1A output: Disconnected
                 ; 0000 0065 // OC1B output: Disconnected
                 ; 0000 0066 // Noise Canceler: Off
                 ; 0000 0067 // Input Capture on Falling Edge
                 ; 0000 0068 // Timer1 Overflow Interrupt: Off
                 ; 0000 0069 // Input Capture Interrupt: Off
                 ; 0000 006A // Compare A Match Interrupt: Off
                 ; 0000 006B // Compare B Match Interrupt: Off
                 ; 0000 006C TCCR1A=(0<<COM1A1) | (0<<COM1A0) | (0<<COM1B1) | (0<<COM1B0) | (0<<WGM11) | (0<<WGM10);
000078 bdef      	OUT  0x2F,R30
                 ; 0000 006D TCCR1B=(0<<ICNC1) | (0<<ICES1) | (0<<WGM13) | (0<<WGM12) | (0<<CS12) | (0<<CS11) | (0<<CS10);
000079 bdee      	OUT  0x2E,R30
                 ; 0000 006E TCNT1H=0x00;
00007a bded      	OUT  0x2D,R30
                 ; 0000 006F TCNT1L=0x00;
00007b bdec      	OUT  0x2C,R30
                 ; 0000 0070 ICR1H=0x00;
00007c bde7      	OUT  0x27,R30
                 ; 0000 0071 ICR1L=0x00;
00007d bde6      	OUT  0x26,R30
                 ; 0000 0072 OCR1AH=0x00;
00007e bdeb      	OUT  0x2B,R30
                 ; 0000 0073 OCR1AL=0x00;
00007f bdea      	OUT  0x2A,R30
                 ; 0000 0074 OCR1BH=0x00;
000080 bde9      	OUT  0x29,R30
                 ; 0000 0075 OCR1BL=0x00;
000081 bde8      	OUT  0x28,R30
                 ; 0000 0076 
                 ; 0000 0077 // Timer/Counter 2 initialization
                 ; 0000 0078 // Clock source: System Clock
                 ; 0000 0079 // Clock value: Timer2 Stopped
                 ; 0000 007A // Mode: Normal top=0xFF
                 ; 0000 007B // OC2 output: Disconnected
                 ; 0000 007C ASSR=0<<AS2;
000082 bde2      	OUT  0x22,R30
                 ; 0000 007D TCCR2=(0<<PWM2) | (0<<COM21) | (0<<COM20) | (0<<CTC2) | (0<<CS22) | (0<<CS21) | (0<<CS20);
000083 bde5      	OUT  0x25,R30
                 ; 0000 007E TCNT2=0x00;
000084 bde4      	OUT  0x24,R30
                 ; 0000 007F OCR2=0x00;
000085 bde3      	OUT  0x23,R30
                 ; 0000 0080 
                 ; 0000 0081 // Timer(s)/Counter(s) Interrupt(s) initialization
                 ; 0000 0082 TIMSK=(0<<OCIE2) | (0<<TOIE2) | (0<<TICIE1) | (0<<OCIE1A) | (0<<OCIE1B) | (0<<TOIE1) | (0<<OCIE0) | (0<<TOIE0);
000086 bfe9      	OUT  0x39,R30
                 ; 0000 0083 
                 ; 0000 0084 // External Interrupt(s) initialization
                 ; 0000 0085 // INT0: Off
                 ; 0000 0086 // INT1: Off
                 ; 0000 0087 // INT2: Off
                 ; 0000 0088 MCUCR=(0<<ISC11) | (0<<ISC10) | (0<<ISC01) | (0<<ISC00);
000087 bfe5      	OUT  0x35,R30
                 ; 0000 0089 MCUCSR=(0<<ISC2);
000088 bfe4      	OUT  0x34,R30
                 ; 0000 008A 
                 ; 0000 008B // USART initialization
                 ; 0000 008C // Communication Parameters: 8 Data, 1 Stop, No Parity
                 ; 0000 008D // USART Receiver: On
                 ; 0000 008E // USART Transmitter: On
                 ; 0000 008F // USART Mode: Asynchronous
                 ; 0000 0090 // USART Baud Rate: 9600
                 ; 0000 0091 UCSRA=(0<<RXC) | (0<<TXC) | (0<<UDRE) | (0<<FE) | (0<<DOR) | (0<<UPE) | (0<<U2X) | (0<<MPCM);
000089 b9eb      	OUT  0xB,R30
                 ; 0000 0092 UCSRB=(0<<RXCIE) | (0<<TXCIE) | (0<<UDRIE) | (1<<RXEN) | (1<<TXEN) | (0<<UCSZ2) | (0<<RXB8) | (0<<TXB8);
00008a e1e8      	LDI  R30,LOW(24)
00008b b9ea      	OUT  0xA,R30
                 ; 0000 0093 UCSRC=(1<<URSEL) | (0<<UMSEL) | (0<<UPM1) | (0<<UPM0) | (0<<USBS) | (1<<UCSZ1) | (1<<UCSZ0) | (0<<UCPOL);
00008c e8e6      	LDI  R30,LOW(134)
00008d bde0      	OUT  0x20,R30
                 ; 0000 0094 UBRRH=0x00;
00008e e0e0      	LDI  R30,LOW(0)
00008f bde0      	OUT  0x20,R30
                 ; 0000 0095 UBRRL=0x33;
000090 e3e3      	LDI  R30,LOW(51)
000091 b9e9      	OUT  0x9,R30
                 ; 0000 0096 
                 ; 0000 0097 // Analog Comparator initialization
                 ; 0000 0098 // Analog Comparator: Off
                 ; 0000 0099 // The Analog Comparator's positive input is
                 ; 0000 009A // connected to the AIN0 pin
                 ; 0000 009B // The Analog Comparator's negative input is
                 ; 0000 009C // connected to the AIN1 pin
                 ; 0000 009D ACSR=(1<<ACD) | (0<<ACBG) | (0<<ACO) | (0<<ACI) | (0<<ACIE) | (0<<ACIC) | (0<<ACIS1) | (0<<ACIS0);
000092 e8e0      	LDI  R30,LOW(128)
000093 b9e8      	OUT  0x8,R30
                 ; 0000 009E SFIOR=(0<<ACME);
000094 e0e0      	LDI  R30,LOW(0)
000095 bfe0      	OUT  0x30,R30
                 ; 0000 009F 
                 ; 0000 00A0 // ADC initialization
                 ; 0000 00A1 // ADC disabled
                 ; 0000 00A2 ADCSRA=(0<<ADEN) | (0<<ADSC) | (0<<ADATE) | (0<<ADIF) | (0<<ADIE) | (0<<ADPS2) | (0<<ADPS1) | (0<<ADPS0);
000096 b9e6      	OUT  0x6,R30
                 ; 0000 00A3 
                 ; 0000 00A4 // SPI initialization
                 ; 0000 00A5 // SPI Type: Slave
                 ; 0000 00A6 // SPI Clock Rate: 2000.000 kHz
                 ; 0000 00A7 // SPI Clock Phase: Cycle Start
                 ; 0000 00A8 // SPI Clock Polarity: Low
                 ; 0000 00A9 // SPI Data Order: MSB First
                 ; 0000 00AA SPCR=(0<<SPIE) | (1<<SPE) | (0<<DORD) | (0<<MSTR) | (0<<CPOL) | (0<<CPHA) | (0<<SPR1) | (0<<SPR0);
000097 e4e0      	LDI  R30,LOW(64)
000098 b9ed      	OUT  0xD,R30
                 ; 0000 00AB SPSR=(0<<SPI2X);
000099 e0e0      	LDI  R30,LOW(0)
00009a b9ee      	OUT  0xE,R30
                 ; 0000 00AC 
                 ; 0000 00AD // TWI initialization
                 ; 0000 00AE // TWI disabled
                 ; 0000 00AF TWCR=(0<<TWEA) | (0<<TWSTA) | (0<<TWSTO) | (0<<TWEN) | (0<<TWIE);
00009b bfe6      	OUT  0x36,R30
                 ; 0000 00B0 
                 ; 0000 00B1 // Alphanumeric LCD initialization
                 ; 0000 00B2 // Connections are specified in the
                 ; 0000 00B3 // Project|Configure|C Compiler|Libraries|Alphanumeric LCD menu:
                 ; 0000 00B4 // RS - PORTC Bit 0
                 ; 0000 00B5 // RD - PORTC Bit 1
                 ; 0000 00B6 // EN - PORTC Bit 2
                 ; 0000 00B7 // D4 - PORTC Bit 4
                 ; 0000 00B8 // D5 - PORTC Bit 5
                 ; 0000 00B9 // D6 - PORTC Bit 6
                 ; 0000 00BA // D7 - PORTC Bit 7
                 ; 0000 00BB // Characters/line: 16
                 ; 0000 00BC lcd_init(16);
00009c e1a0      	LDI  R26,LOW(16)
00009d d07b      	RCALL _lcd_init
                 ; 0000 00BD 
                 ; 0000 00BE while (1)
                 _0x3:
                 ; 0000 00BF       {
                 ; 0000 00C0       lcd_gotoxy(0, 0);
00009e e0e0      	LDI  R30,LOW(0)
00009f 93ea      	ST   -Y,R30
0000a0 e0a0      	LDI  R26,LOW(0)
0000a1 d036      	RCALL _lcd_gotoxy
                 ; 0000 00C1     memset(scr, '\0', sizeof scr);
0000a2 01fe      	MOVW R30,R28
0000a3 93fa      	ST   -Y,R31
0000a4 93ea      	ST   -Y,R30
0000a5 e0e0      	LDI  R30,LOW(0)
0000a6 93ea      	ST   -Y,R30
0000a7 e1ae      	LDI  R26,LOW(30)
0000a8 e0b0      	LDI  R27,0
0000a9 940e 017f 	CALL _memset
                 ; 0000 00C2     gets(scr,30);
0000ab 01fe      	MOVW R30,R28
0000ac 93fa      	ST   -Y,R31
0000ad 93ea      	ST   -Y,R30
0000ae e1ae      	LDI  R26,LOW(30)
0000af e0b0      	LDI  R27,0
0000b0 940e 0147 	CALL _gets
                 ; 0000 00C3     lcd_puts(scr);
0000b2 01de      	MOVW R26,R28
0000b3 d054      	RCALL _lcd_puts
                 ; 0000 00C4 
                 ; 0000 00C5       }
0000b4 cfe9      	RJMP _0x3
                 ; 0000 00C6 }
                 _0x6:
0000b5 cfff      	RJMP _0x6
                 ; .FEND
                 	#ifndef __SLEEP_DEFINED__
                 	#endif
                 
                 	.DSEG
                 
                 	.CSEG
                 __lcd_write_nibble_G100:
                 ; .FSTART __lcd_write_nibble_G100
0000b6 93aa      	ST   -Y,R26
0000b7 b3e5      	IN   R30,0x15
0000b8 70ef      	ANDI R30,LOW(0xF)
0000b9 2fae      	MOV  R26,R30
0000ba 81e8      	LD   R30,Y
0000bb 7fe0      	ANDI R30,LOW(0xF0)
0000bc 2bea      	OR   R30,R26
0000bd bbe5      	OUT  0x15,R30
                +
0000be e08d     +LDI R24 , LOW ( 13 )
                +__DELAY_USB_LOOP :
0000bf 958a     +DEC R24
0000c0 f7f1     +BRNE __DELAY_USB_LOOP
                 	__DELAY_USB 13
0000c1 9aaa      	SBI  0x15,2
                +
0000c2 e08d     +LDI R24 , LOW ( 13 )
                +__DELAY_USB_LOOP :
0000c3 958a     +DEC R24
0000c4 f7f1     +BRNE __DELAY_USB_LOOP
                 	__DELAY_USB 13
0000c5 98aa      	CBI  0x15,2
                +
0000c6 e08d     +LDI R24 , LOW ( 13 )
                +__DELAY_USB_LOOP :
0000c7 958a     +DEC R24
0000c8 f7f1     +BRNE __DELAY_USB_LOOP
                 	__DELAY_USB 13
0000c9 940c 017d 	JMP  _0x20A0001
                 ; .FEND
                 __lcd_write_data:
                 ; .FSTART __lcd_write_data
0000cb 93aa      	ST   -Y,R26
0000cc 81a8      	LD   R26,Y
0000cd dfe8      	RCALL __lcd_write_nibble_G100
0000ce 81e8          ld    r30,y
0000cf 95e2          swap  r30
0000d0 83e8          st    y,r30
0000d1 81a8      	LD   R26,Y
0000d2 dfe3      	RCALL __lcd_write_nibble_G100
                +
0000d3 e885     +LDI R24 , LOW ( 133 )
                +__DELAY_USB_LOOP :
0000d4 958a     +DEC R24
0000d5 f7f1     +BRNE __DELAY_USB_LOOP
                 	__DELAY_USB 133
0000d6 940c 017d 	JMP  _0x20A0001
                 ; .FEND
                 _lcd_gotoxy:
                 ; .FSTART _lcd_gotoxy
0000d8 93aa      	ST   -Y,R26
0000d9 81e8      	LD   R30,Y
0000da e0f0      	LDI  R31,0
0000db 5ae0      	SUBI R30,LOW(-__base_y_G100)
0000dc 4ffe      	SBCI R31,HIGH(-__base_y_G100)
0000dd 81e0      	LD   R30,Z
0000de 81a9      	LDD  R26,Y+1
0000df 0fae      	ADD  R26,R30
0000e0 dfea      	RCALL __lcd_write_data
0000e1 8059      	LDD  R5,Y+1
0000e2 8048      	LDD  R4,Y+0
0000e3 9622      	ADIW R28,2
0000e4 9508      	RET
                 ; .FEND
                 _lcd_clear:
                 ; .FSTART _lcd_clear
0000e5 e0a2      	LDI  R26,LOW(2)
0000e6 940e 018f 	CALL SUBOPT_0x0
0000e8 e0ac      	LDI  R26,LOW(12)
0000e9 dfe1      	RCALL __lcd_write_data
0000ea e0a1      	LDI  R26,LOW(1)
0000eb 940e 018f 	CALL SUBOPT_0x0
0000ed e0e0      	LDI  R30,LOW(0)
0000ee 2e4e      	MOV  R4,R30
0000ef 2e5e      	MOV  R5,R30
0000f0 9508      	RET
                 ; .FEND
                 _lcd_putchar:
                 ; .FSTART _lcd_putchar
0000f1 93aa      	ST   -Y,R26
0000f2 81a8      	LD   R26,Y
0000f3 30aa      	CPI  R26,LOW(0xA)
0000f4 f011      	BREQ _0x2000005
0000f5 1457      	CP   R5,R7
0000f6 f050      	BRLO _0x2000004
                 _0x2000005:
0000f7 e0e0      	LDI  R30,LOW(0)
0000f8 93ea      	ST   -Y,R30
0000f9 9443      	INC  R4
0000fa 2da4      	MOV  R26,R4
0000fb dfdc      	RCALL _lcd_gotoxy
0000fc 81a8      	LD   R26,Y
0000fd 30aa      	CPI  R26,LOW(0xA)
0000fe f411      	BRNE _0x2000007
0000ff 940c 017d 	JMP  _0x20A0001
                 _0x2000007:
                 _0x2000004:
000101 9453      	INC  R5
000102 9aa8      	SBI  0x15,0
000103 81a8      	LD   R26,Y
000104 dfc6      	RCALL __lcd_write_data
000105 98a8      	CBI  0x15,0
000106 940c 017d 	JMP  _0x20A0001
                 ; .FEND
                 _lcd_puts:
                 ; .FSTART _lcd_puts
000108 93ba      	ST   -Y,R27
000109 93aa      	ST   -Y,R26
00010a 931a      	ST   -Y,R17
                 _0x2000008:
00010b 81a9      	LDD  R26,Y+1
00010c 81ba      	LDD  R27,Y+1+1
00010d 91ed      	LD   R30,X+
00010e 83a9      	STD  Y+1,R26
00010f 83ba      	STD  Y+1+1,R27
000110 2f1e      	MOV  R17,R30
000111 30e0      	CPI  R30,0
000112 f019      	BREQ _0x200000A
000113 2fa1      	MOV  R26,R17
000114 dfdc      	RCALL _lcd_putchar
000115 cff5      	RJMP _0x2000008
                 _0x200000A:
000116 8118      	LDD  R17,Y+0
000117 9623      	ADIW R28,3
000118 9508      	RET
                 ; .FEND
                 _lcd_init:
                 ; .FSTART _lcd_init
000119 93aa      	ST   -Y,R26
00011a b3e4      	IN   R30,0x14
00011b 6fe0      	ORI  R30,LOW(0xF0)
00011c bbe4      	OUT  0x14,R30
00011d 9aa2      	SBI  0x14,2
00011e 9aa0      	SBI  0x14,0
00011f 9aa1      	SBI  0x14,1
000120 98aa      	CBI  0x15,2
000121 98a8      	CBI  0x15,0
000122 98a9      	CBI  0x15,1
000123 8078      	LDD  R7,Y+0
000124 81e8      	LD   R30,Y
000125 58e0      	SUBI R30,-LOW(128)
                +
000126 93e0 0162+STS __base_y_G100 + ( 2 ) , R30
                 	__PUTB1MN __base_y_G100,2
000128 81e8      	LD   R30,Y
000129 54e0      	SUBI R30,-LOW(192)
                +
00012a 93e0 0163+STS __base_y_G100 + ( 3 ) , R30
                 	__PUTB1MN __base_y_G100,3
00012c e1a4      	LDI  R26,LOW(20)
00012d e0b0      	LDI  R27,0
00012e 940e 019d 	CALL _delay_ms
000130 940e 0195 	CALL SUBOPT_0x1
000132 940e 0195 	CALL SUBOPT_0x1
000134 940e 0195 	CALL SUBOPT_0x1
000136 e2a0      	LDI  R26,LOW(32)
000137 df7e      	RCALL __lcd_write_nibble_G100
                +
000138 ec88     +LDI R24 , LOW ( 200 )
000139 e090     +LDI R25 , HIGH ( 200 )
                +__DELAY_USW_LOOP :
00013a 9701     +SBIW R24 , 1
00013b f7f1     +BRNE __DELAY_USW_LOOP
                 	__DELAY_USW 200
00013c e2a8      	LDI  R26,LOW(40)
00013d df8d      	RCALL __lcd_write_data
00013e e0a4      	LDI  R26,LOW(4)
00013f df8b      	RCALL __lcd_write_data
000140 e8a5      	LDI  R26,LOW(133)
000141 df89      	RCALL __lcd_write_data
000142 e0a6      	LDI  R26,LOW(6)
000143 df87      	RCALL __lcd_write_data
000144 dfa0      	RCALL _lcd_clear
000145 940c 017d 	JMP  _0x20A0001
                 ; .FEND
                 	#ifndef __SLEEP_DEFINED__
                 	#endif
                 
                 	.CSEG
                 _gets:
                 ; .FSTART _gets
000147 93ba      	ST   -Y,R27
000148 93aa      	ST   -Y,R26
000149 940e 01a7 	CALL __SAVELOCR6
                +
00014b 810e     +LDD R16 , Y + 6
00014c 811f     +LDD R17 , Y + 6 + 1
                 	__GETWRS 16,17,6
                +
00014d 8528     +LDD R18 , Y + 8
00014e 8539     +LDD R19 , Y + 8 + 1
                 	__GETWRS 18,19,8
                 _0x2020009:
00014f 2e00      	MOV  R0,R16
000150 2a01      	OR   R0,R17
000151 f0e1      	BREQ _0x202000B
                 _0x202000C:
000152 940e 0065 	CALL _getchar
000154 2f5e      	MOV  R21,R30
000155 3058      	CPI  R21,8
000156 f451      	BRNE _0x202000D
000157 81ae      	LDD  R26,Y+6
000158 81bf      	LDD  R27,Y+6+1
000159 170a      	CP   R16,R26
00015a 071b      	CPC  R17,R27
00015b f420      	BRSH _0x202000E
                +
00015c 5021     +SUBI R18 , LOW ( 1 )
00015d 4030     +SBCI R19 , HIGH ( 1 )
                 	__SUBWRN 18,19,1
                +
00015e 5f0f     +SUBI R16 , LOW ( - 1 )
00015f 4f1f     +SBCI R17 , HIGH ( - 1 )
                 	__ADDWRN 16,17,1
                 _0x202000E:
000160 cff1      	RJMP _0x202000C
                 _0x202000D:
000161 305a      	CPI  R21,10
000162 f059      	BREQ _0x202000B
000163 933f      	PUSH R19
000164 932f      	PUSH R18
                +
000165 5f2f     +SUBI R18 , LOW ( - 1 )
000166 4f3f     +SBCI R19 , HIGH ( - 1 )
                 	__ADDWRN 18,19,1
000167 2fe5      	MOV  R30,R21
000168 91af      	POP  R26
000169 91bf      	POP  R27
00016a 93ec      	ST   X,R30
                +
00016b 5001     +SUBI R16 , LOW ( 1 )
00016c 4010     +SBCI R17 , HIGH ( 1 )
                 	__SUBWRN 16,17,1
00016d cfe1      	RJMP _0x2020009
                 _0x202000B:
00016e 01d9      	MOVW R26,R18
00016f e0e0      	LDI  R30,LOW(0)
000170 93ec      	ST   X,R30
000171 85e8      	LDD  R30,Y+8
000172 85f9      	LDD  R31,Y+8+1
000173 940e 01ae 	CALL __LOADLOCR6
000175 962a      	ADIW R28,10
000176 9508      	RET
                 ; .FEND
                 	#ifndef __SLEEP_DEFINED__
                 	#endif
                 
                 	.CSEG
                 _spi:
                 ; .FSTART _spi
000177 93aa      	ST   -Y,R26
000178 81e8      	LD   R30,Y
000179 b9ef      	OUT  0xF,R30
                 _0x2040003:
00017a 9b77      	SBIS 0xE,7
00017b cffe      	RJMP _0x2040003
00017c b1ef      	IN   R30,0xF
                 _0x20A0001:
00017d 9621      	ADIW R28,1
00017e 9508      	RET
                 ; .FEND
                 
                 	.CSEG
                 _memset:
                 ; .FSTART _memset
00017f 93ba      	ST   -Y,R27
000180 93aa      	ST   -Y,R26
000181 81b9          ldd  r27,y+1
000182 81a8          ld   r26,y
000183 9610          adiw r26,0
000184 f031          breq memset1
000185 81fc          ldd  r31,y+4
000186 81eb          ldd  r30,y+3
000187 816a          ldd  r22,y+2
                 memset0:
000188 9361          st   z+,r22
000189 9711          sbiw r26,1
00018a f7e9          brne memset0
                 memset1:
00018b 81eb          ldd  r30,y+3
00018c 81fc          ldd  r31,y+4
00018d 9625      	ADIW R28,5
00018e 9508      	RET
                 ; .FEND
                 
                 	.CSEG
                 
                 	.DSEG
                 __base_y_G100:
000160           	.BYTE 0x4
                 
                 	.CSEG
                 ;OPTIMIZER ADDED SUBROUTINE, CALLED 2 TIMES, CODE SIZE REDUCTION:1 WORDS
                 SUBOPT_0x0:
00018f 940e 00cb 	CALL __lcd_write_data
000191 e0a3      	LDI  R26,LOW(3)
000192 e0b0      	LDI  R27,0
000193 940c 019d 	JMP  _delay_ms
                 
                 ;OPTIMIZER ADDED SUBROUTINE, CALLED 3 TIMES, CODE SIZE REDUCTION:7 WORDS
                 SUBOPT_0x1:
000195 e3a0      	LDI  R26,LOW(48)
000196 940e 00b6 	CALL __lcd_write_nibble_G100
                +
000198 ec88     +LDI R24 , LOW ( 200 )
000199 e090     +LDI R25 , HIGH ( 200 )
                +__DELAY_USW_LOOP :
00019a 9701     +SBIW R24 , 1
00019b f7f1     +BRNE __DELAY_USW_LOOP
                 	__DELAY_USW 200
00019c 9508      	RET
                 
                 
                 	.CSEG
                 _delay_ms:
00019d 9610      	adiw r26,0
00019e f039      	breq __delay_ms1
                 __delay_ms0:
                +
00019f ed80     +LDI R24 , LOW ( 0x7D0 )
0001a0 e097     +LDI R25 , HIGH ( 0x7D0 )
                +__DELAY_USW_LOOP :
0001a1 9701     +SBIW R24 , 1
0001a2 f7f1     +BRNE __DELAY_USW_LOOP
                 	__DELAY_USW 0x7D0
0001a3 95a8      	wdr
0001a4 9711      	sbiw r26,1
0001a5 f7c9      	brne __delay_ms0
                 __delay_ms1:
0001a6 9508      	ret
                 
                 __SAVELOCR6:
0001a7 935a      	ST   -Y,R21
                 __SAVELOCR5:
0001a8 934a      	ST   -Y,R20
                 __SAVELOCR4:
0001a9 933a      	ST   -Y,R19
                 __SAVELOCR3:
0001aa 932a      	ST   -Y,R18
                 __SAVELOCR2:
0001ab 931a      	ST   -Y,R17
0001ac 930a      	ST   -Y,R16
0001ad 9508      	RET
                 
                 __LOADLOCR6:
0001ae 815d      	LDD  R21,Y+5
                 __LOADLOCR5:
0001af 814c      	LDD  R20,Y+4
                 __LOADLOCR4:
0001b0 813b      	LDD  R19,Y+3
                 __LOADLOCR3:
0001b1 812a      	LDD  R18,Y+2
                 __LOADLOCR2:
0001b2 8119      	LDD  R17,Y+1
0001b3 8108      	LD   R16,Y
0001b4 9508      	RET
                 
                 ;END OF CODE MARKER
                 __END_OF_CODE:


RESOURCE USE INFORMATION
------------------------

Notice:
The register and instruction counts are symbol table hit counts,
and hence implicitly used resources are not counted, eg, the
'lpm' instruction without operands implicitly uses r0 and z,
none of which are counted.

x,y,z are separate entities in the symbol table and are
counted separately from r26..r31 here.

.dseg memory usage only counts static data declared with .byte

ATmega16 register use summary:
r0 :   6 r1 :   1 r2 :   0 r3 :   0 r4 :   4 r5 :   4 r6 :   0 r7 :   2 
r8 :   0 r9 :   0 r10:   0 r11:   0 r12:   0 r13:   0 r14:   0 r15:   0 
r16:   7 r17:  11 r18:   7 r19:   6 r20:   2 r21:   6 r22:   4 r23:   0 
r24:  21 r25:   5 r26:  53 r27:  15 r28:  10 r29:   1 r30: 114 r31:  10 
x  :   6 y  :  68 z  :   9 
Registers used: 23 out of 35 (65.7%)

ATmega16 instruction use summary:
.lds  :   0 .lds.l:   0 .sts  :   0 .sts.l:   0 adc   :   0 add   :   1 
adiw  :   7 and   :   0 andi  :   2 asr   :   0 bclr  :   0 bld   :   0 
brbc  :   0 brbs  :   0 brcc  :   0 brcs  :   0 break :   0 breq  :   7 
brge  :   0 brhc  :   0 brhs  :   0 brid  :   0 brie  :   0 brlo  :   1 
brlt  :   0 brmi  :   0 brne  :  14 brpl  :   0 brsh  :   1 brtc  :   0 
brts  :   0 brvc  :   0 brvs  :   0 bset  :   0 bst   :   0 call  :  14 
cbi   :   5 cbr   :   0 clc   :   0 clh   :   0 cli   :   1 cln   :   0 
clr   :   2 cls   :   0 clt   :   0 clv   :   0 clz   :   0 com   :   0 
cp    :   2 cpc   :   1 cpi   :   5 cpse  :   0 dec   :   5 des   :   0 
eor   :   0 fmul  :   0 fmuls :   0 fmulsu:   0 icall :   0 ijmp  :   0 
in    :   3 inc   :   2 jmp   :  28 ld    :  15 ldd   :  26 ldi   :  59 
lds   :   0 lpm   :   7 lsl   :   0 lsr   :   0 mov   :   9 movw  :   7 
mul   :   0 muls  :   0 mulsu :   0 neg   :   0 nop   :   0 or    :   2 
ori   :   1 out   :  48 pop   :   2 push  :   2 rcall :  16 ret   :  11 
reti  :   0 rjmp  :   7 rol   :   0 ror   :   0 sbc   :   0 sbci  :   5 
sbi   :   5 sbic  :   0 sbis  :   1 sbiw  :   9 sbr   :   0 sbrc  :   0 
sbrs  :   0 sec   :   0 seh   :   0 sei   :   0 sen   :   0 ser   :   0 
ses   :   0 set   :   0 sev   :   0 sez   :   0 sleep :   0 spm   :   0 
st    :  33 std   :   2 sts   :   2 sub   :   0 subi  :   7 swap  :   1 
tst   :   0 wdr   :   1 
Instructions used: 42 out of 116 (36.2%)

ATmega16 memory use summary [bytes]:
Segment   Begin    End      Code   Data   Used    Size   Use%
---------------------------------------------------------------
[.cseg] 0x000000 0x00036a    846     28    874   16384   5.3%
[.dseg] 0x000060 0x000164      0      4      4    1024   0.4%
[.eseg] 0x000000 0x000000      0      0      0     512   0.0%

Assembly complete, 0 errors, 3 warnings
