
AVRASM ver. 2.1.30  C:\Users\Win 10\Desktop\university\term7\micro Lab\my_answers\Lab9_hadis_ghafouri_9825413\codevision\without_interrupts\slave\Debug\List\slave.asm Sat Dec 31 08:28:14 2022

C:\Users\Win 10\Desktop\university\term7\micro Lab\my_answers\Lab9_hadis_ghafouri_9825413\codevision\without_interrupts\slave\Debug\List\slave.asm(1088): warning: Register r5 already defined by the .DEF directive
C:\Users\Win 10\Desktop\university\term7\micro Lab\my_answers\Lab9_hadis_ghafouri_9825413\codevision\without_interrupts\slave\Debug\List\slave.asm(1089): warning: Register r4 already defined by the .DEF directive
C:\Users\Win 10\Desktop\university\term7\micro Lab\my_answers\Lab9_hadis_ghafouri_9825413\codevision\without_interrupts\slave\Debug\List\slave.asm(1090): warning: Register r7 already defined by the .DEF directive
                 
                 
                 ;CodeVisionAVR C Compiler V3.12 Advanced
                 ;(C) Copyright 1998-2014 Pavel Haiduc, HP InfoTech s.r.l.
                 ;http://www.hpinfotech.com
                 
                 ;Build configuration    : Debug
                 ;Chip type              : ATmega16
                 ;Program type           : Application
                 ;Clock frequency        : 8.000000 MHz
                 ;Memory model           : Small
                 ;Optimize for           : Size
                 ;(s)printf features     : int, width
                 ;(s)scanf features      : int, width
                 ;External RAM size      : 0
                 ;Data Stack size        : 256 byte(s)
                 ;Heap size              : 0 byte(s)
                 ;Promote 'char' to 'int': Yes
                 ;'char' is unsigned     : Yes
                 ;8 bit enums            : Yes
                 ;Global 'const' stored in FLASH: Yes
                 ;Enhanced function parameter passing: Yes
                 ;Enhanced core instructions: On
                 ;Automatic register allocation for global variables: On
                 ;Smart register allocation: On
                 
                 	#define _MODEL_SMALL_
                 
                 	#pragma AVRPART ADMIN PART_NAME ATmega16
                 	#pragma AVRPART MEMORY PROG_FLASH 16384
                 	#pragma AVRPART MEMORY EEPROM 512
                 	#pragma AVRPART MEMORY INT_SRAM SIZE 1024
                 	#pragma AVRPART MEMORY INT_SRAM START_ADDR 0x60
                 
                 	#define CALL_SUPPORTED 1
                 
                 	.LISTMAC
                 	.EQU UDRE=0x5
                 	.EQU RXC=0x7
                 	.EQU USR=0xB
                 	.EQU UDR=0xC
                 	.EQU SPSR=0xE
                 	.EQU SPDR=0xF
                 	.EQU EERE=0x0
                 	.EQU EEWE=0x1
                 	.EQU EEMWE=0x2
                 	.EQU EECR=0x1C
                 	.EQU EEDR=0x1D
                 	.EQU EEARL=0x1E
                 	.EQU EEARH=0x1F
                 	.EQU WDTCR=0x21
                 	.EQU MCUCR=0x35
                 	.EQU GICR=0x3B
                 	.EQU SPL=0x3D
                 	.EQU SPH=0x3E
                 	.EQU SREG=0x3F
                 
                 	.DEF R0X0=R0
                 	.DEF R0X1=R1
                 	.DEF R0X2=R2
                 	.DEF R0X3=R3
                 	.DEF R0X4=R4
                 	.DEF R0X5=R5
                 	.DEF R0X6=R6
                 	.DEF R0X7=R7
                 	.DEF R0X8=R8
                 	.DEF R0X9=R9
                 	.DEF R0XA=R10
                 	.DEF R0XB=R11
                 	.DEF R0XC=R12
                 	.DEF R0XD=R13
                 	.DEF R0XE=R14
                 	.DEF R0XF=R15
                 	.DEF R0X10=R16
                 	.DEF R0X11=R17
                 	.DEF R0X12=R18
                 	.DEF R0X13=R19
                 	.DEF R0X14=R20
                 	.DEF R0X15=R21
                 	.DEF R0X16=R22
                 	.DEF R0X17=R23
                 	.DEF R0X18=R24
                 	.DEF R0X19=R25
                 	.DEF R0X1A=R26
                 	.DEF R0X1B=R27
                 	.DEF R0X1C=R28
                 	.DEF R0X1D=R29
                 	.DEF R0X1E=R30
                 	.DEF R0X1F=R31
                 
                 	.EQU __SRAM_START=0x0060
                 	.EQU __SRAM_END=0x045F
                 	.EQU __DSTACK_SIZE=0x0100
                 	.EQU __HEAP_SIZE=0x0000
                 	.EQU __CLEAR_SRAM_SIZE=__SRAM_END-__SRAM_START+1
                 
                 	.MACRO __CPD1N
                 	CPI  R30,LOW(@0)
                 	LDI  R26,HIGH(@0)
                 	CPC  R31,R26
                 	LDI  R26,BYTE3(@0)
                 	CPC  R22,R26
                 	LDI  R26,BYTE4(@0)
                 	CPC  R23,R26
                 	.ENDM
                 
                 	.MACRO __CPD2N
                 	CPI  R26,LOW(@0)
                 	LDI  R30,HIGH(@0)
                 	CPC  R27,R30
                 	LDI  R30,BYTE3(@0)
                 	CPC  R24,R30
                 	LDI  R30,BYTE4(@0)
                 	CPC  R25,R30
                 	.ENDM
                 
                 	.MACRO __CPWRR
                 	CP   R@0,R@2
                 	CPC  R@1,R@3
                 	.ENDM
                 
                 	.MACRO __CPWRN
                 	CPI  R@0,LOW(@2)
                 	LDI  R30,HIGH(@2)
                 	CPC  R@1,R30
                 	.ENDM
                 
                 	.MACRO __ADDB1MN
                 	SUBI R30,LOW(-@0-(@1))
                 	.ENDM
                 
                 	.MACRO __ADDB2MN
                 	SUBI R26,LOW(-@0-(@1))
                 	.ENDM
                 
                 	.MACRO __ADDW1MN
                 	SUBI R30,LOW(-@0-(@1))
                 	SBCI R31,HIGH(-@0-(@1))
                 	.ENDM
                 
                 	.MACRO __ADDW2MN
                 	SUBI R26,LOW(-@0-(@1))
                 	SBCI R27,HIGH(-@0-(@1))
                 	.ENDM
                 
                 	.MACRO __ADDW1FN
                 	SUBI R30,LOW(-2*@0-(@1))
                 	SBCI R31,HIGH(-2*@0-(@1))
                 	.ENDM
                 
                 	.MACRO __ADDD1FN
                 	SUBI R30,LOW(-2*@0-(@1))
                 	SBCI R31,HIGH(-2*@0-(@1))
                 	SBCI R22,BYTE3(-2*@0-(@1))
                 	.ENDM
                 
                 	.MACRO __ADDD1N
                 	SUBI R30,LOW(-@0)
                 	SBCI R31,HIGH(-@0)
                 	SBCI R22,BYTE3(-@0)
                 	SBCI R23,BYTE4(-@0)
                 	.ENDM
                 
                 	.MACRO __ADDD2N
                 	SUBI R26,LOW(-@0)
                 	SBCI R27,HIGH(-@0)
                 	SBCI R24,BYTE3(-@0)
                 	SBCI R25,BYTE4(-@0)
                 	.ENDM
                 
                 	.MACRO __SUBD1N
                 	SUBI R30,LOW(@0)
                 	SBCI R31,HIGH(@0)
                 	SBCI R22,BYTE3(@0)
                 	SBCI R23,BYTE4(@0)
                 	.ENDM
                 
                 	.MACRO __SUBD2N
                 	SUBI R26,LOW(@0)
                 	SBCI R27,HIGH(@0)
                 	SBCI R24,BYTE3(@0)
                 	SBCI R25,BYTE4(@0)
                 	.ENDM
                 
                 	.MACRO __ANDBMNN
                 	LDS  R30,@0+(@1)
                 	ANDI R30,LOW(@2)
                 	STS  @0+(@1),R30
                 	.ENDM
                 
                 	.MACRO __ANDWMNN
                 	LDS  R30,@0+(@1)
                 	ANDI R30,LOW(@2)
                 	STS  @0+(@1),R30
                 	LDS  R30,@0+(@1)+1
                 	ANDI R30,HIGH(@2)
                 	STS  @0+(@1)+1,R30
                 	.ENDM
                 
                 	.MACRO __ANDD1N
                 	ANDI R30,LOW(@0)
                 	ANDI R31,HIGH(@0)
                 	ANDI R22,BYTE3(@0)
                 	ANDI R23,BYTE4(@0)
                 	.ENDM
                 
                 	.MACRO __ANDD2N
                 	ANDI R26,LOW(@0)
                 	ANDI R27,HIGH(@0)
                 	ANDI R24,BYTE3(@0)
                 	ANDI R25,BYTE4(@0)
                 	.ENDM
                 
                 	.MACRO __ORBMNN
                 	LDS  R30,@0+(@1)
                 	ORI  R30,LOW(@2)
                 	STS  @0+(@1),R30
                 	.ENDM
                 
                 	.MACRO __ORWMNN
                 	LDS  R30,@0+(@1)
                 	ORI  R30,LOW(@2)
                 	STS  @0+(@1),R30
                 	LDS  R30,@0+(@1)+1
                 	ORI  R30,HIGH(@2)
                 	STS  @0+(@1)+1,R30
                 	.ENDM
                 
                 	.MACRO __ORD1N
                 	ORI  R30,LOW(@0)
                 	ORI  R31,HIGH(@0)
                 	ORI  R22,BYTE3(@0)
                 	ORI  R23,BYTE4(@0)
                 	.ENDM
                 
                 	.MACRO __ORD2N
                 	ORI  R26,LOW(@0)
                 	ORI  R27,HIGH(@0)
                 	ORI  R24,BYTE3(@0)
                 	ORI  R25,BYTE4(@0)
                 	.ENDM
                 
                 	.MACRO __DELAY_USB
                 	LDI  R24,LOW(@0)
                 __DELAY_USB_LOOP:
                 	DEC  R24
                 	BRNE __DELAY_USB_LOOP
                 	.ENDM
                 
                 	.MACRO __DELAY_USW
                 	LDI  R24,LOW(@0)
                 	LDI  R25,HIGH(@0)
                 __DELAY_USW_LOOP:
                 	SBIW R24,1
                 	BRNE __DELAY_USW_LOOP
                 	.ENDM
                 
                 	.MACRO __GETD1S
                 	LDD  R30,Y+@0
                 	LDD  R31,Y+@0+1
                 	LDD  R22,Y+@0+2
                 	LDD  R23,Y+@0+3
                 	.ENDM
                 
                 	.MACRO __GETD2S
                 	LDD  R26,Y+@0
                 	LDD  R27,Y+@0+1
                 	LDD  R24,Y+@0+2
                 	LDD  R25,Y+@0+3
                 	.ENDM
                 
                 	.MACRO __PUTD1S
                 	STD  Y+@0,R30
                 	STD  Y+@0+1,R31
                 	STD  Y+@0+2,R22
                 	STD  Y+@0+3,R23
                 	.ENDM
                 
                 	.MACRO __PUTD2S
                 	STD  Y+@0,R26
                 	STD  Y+@0+1,R27
                 	STD  Y+@0+2,R24
                 	STD  Y+@0+3,R25
                 	.ENDM
                 
                 	.MACRO __PUTDZ2
                 	STD  Z+@0,R26
                 	STD  Z+@0+1,R27
                 	STD  Z+@0+2,R24
                 	STD  Z+@0+3,R25
                 	.ENDM
                 
                 	.MACRO __CLRD1S
                 	STD  Y+@0,R30
                 	STD  Y+@0+1,R30
                 	STD  Y+@0+2,R30
                 	STD  Y+@0+3,R30
                 	.ENDM
                 
                 	.MACRO __POINTB1MN
                 	LDI  R30,LOW(@0+(@1))
                 	.ENDM
                 
                 	.MACRO __POINTW1MN
                 	LDI  R30,LOW(@0+(@1))
                 	LDI  R31,HIGH(@0+(@1))
                 	.ENDM
                 
                 	.MACRO __POINTD1M
                 	LDI  R30,LOW(@0)
                 	LDI  R31,HIGH(@0)
                 	LDI  R22,BYTE3(@0)
                 	LDI  R23,BYTE4(@0)
                 	.ENDM
                 
                 	.MACRO __POINTW1FN
                 	LDI  R30,LOW(2*@0+(@1))
                 	LDI  R31,HIGH(2*@0+(@1))
                 	.ENDM
                 
                 	.MACRO __POINTD1FN
                 	LDI  R30,LOW(2*@0+(@1))
                 	LDI  R31,HIGH(2*@0+(@1))
                 	LDI  R22,BYTE3(2*@0+(@1))
                 	LDI  R23,BYTE4(2*@0+(@1))
                 	.ENDM
                 
                 	.MACRO __POINTB2MN
                 	LDI  R26,LOW(@0+(@1))
                 	.ENDM
                 
                 	.MACRO __POINTW2MN
                 	LDI  R26,LOW(@0+(@1))
                 	LDI  R27,HIGH(@0+(@1))
                 	.ENDM
                 
                 	.MACRO __POINTW2FN
                 	LDI  R26,LOW(2*@0+(@1))
                 	LDI  R27,HIGH(2*@0+(@1))
                 	.ENDM
                 
                 	.MACRO __POINTD2FN
                 	LDI  R26,LOW(2*@0+(@1))
                 	LDI  R27,HIGH(2*@0+(@1))
                 	LDI  R24,BYTE3(2*@0+(@1))
                 	LDI  R25,BYTE4(2*@0+(@1))
                 	.ENDM
                 
                 	.MACRO __POINTBRM
                 	LDI  R@0,LOW(@1)
                 	.ENDM
                 
                 	.MACRO __POINTWRM
                 	LDI  R@0,LOW(@2)
                 	LDI  R@1,HIGH(@2)
                 	.ENDM
                 
                 	.MACRO __POINTBRMN
                 	LDI  R@0,LOW(@1+(@2))
                 	.ENDM
                 
                 	.MACRO __POINTWRMN
                 	LDI  R@0,LOW(@2+(@3))
                 	LDI  R@1,HIGH(@2+(@3))
                 	.ENDM
                 
                 	.MACRO __POINTWRFN
                 	LDI  R@0,LOW(@2*2+(@3))
                 	LDI  R@1,HIGH(@2*2+(@3))
                 	.ENDM
                 
                 	.MACRO __GETD1N
                 	LDI  R30,LOW(@0)
                 	LDI  R31,HIGH(@0)
                 	LDI  R22,BYTE3(@0)
                 	LDI  R23,BYTE4(@0)
                 	.ENDM
                 
                 	.MACRO __GETD2N
                 	LDI  R26,LOW(@0)
                 	LDI  R27,HIGH(@0)
                 	LDI  R24,BYTE3(@0)
                 	LDI  R25,BYTE4(@0)
                 	.ENDM
                 
                 	.MACRO __GETB1MN
                 	LDS  R30,@0+(@1)
                 	.ENDM
                 
                 	.MACRO __GETB1HMN
                 	LDS  R31,@0+(@1)
                 	.ENDM
                 
                 	.MACRO __GETW1MN
                 	LDS  R30,@0+(@1)
                 	LDS  R31,@0+(@1)+1
                 	.ENDM
                 
                 	.MACRO __GETD1MN
                 	LDS  R30,@0+(@1)
                 	LDS  R31,@0+(@1)+1
                 	LDS  R22,@0+(@1)+2
                 	LDS  R23,@0+(@1)+3
                 	.ENDM
                 
                 	.MACRO __GETBRMN
                 	LDS  R@0,@1+(@2)
                 	.ENDM
                 
                 	.MACRO __GETWRMN
                 	LDS  R@0,@2+(@3)
                 	LDS  R@1,@2+(@3)+1
                 	.ENDM
                 
                 	.MACRO __GETWRZ
                 	LDD  R@0,Z+@2
                 	LDD  R@1,Z+@2+1
                 	.ENDM
                 
                 	.MACRO __GETD2Z
                 	LDD  R26,Z+@0
                 	LDD  R27,Z+@0+1
                 	LDD  R24,Z+@0+2
                 	LDD  R25,Z+@0+3
                 	.ENDM
                 
                 	.MACRO __GETB2MN
                 	LDS  R26,@0+(@1)
                 	.ENDM
                 
                 	.MACRO __GETW2MN
                 	LDS  R26,@0+(@1)
                 	LDS  R27,@0+(@1)+1
                 	.ENDM
                 
                 	.MACRO __GETD2MN
                 	LDS  R26,@0+(@1)
                 	LDS  R27,@0+(@1)+1
                 	LDS  R24,@0+(@1)+2
                 	LDS  R25,@0+(@1)+3
                 	.ENDM
                 
                 	.MACRO __PUTB1MN
                 	STS  @0+(@1),R30
                 	.ENDM
                 
                 	.MACRO __PUTW1MN
                 	STS  @0+(@1),R30
                 	STS  @0+(@1)+1,R31
                 	.ENDM
                 
                 	.MACRO __PUTD1MN
                 	STS  @0+(@1),R30
                 	STS  @0+(@1)+1,R31
                 	STS  @0+(@1)+2,R22
                 	STS  @0+(@1)+3,R23
                 	.ENDM
                 
                 	.MACRO __PUTB1EN
                 	LDI  R26,LOW(@0+(@1))
                 	LDI  R27,HIGH(@0+(@1))
                 	CALL __EEPROMWRB
                 	.ENDM
                 
                 	.MACRO __PUTW1EN
                 	LDI  R26,LOW(@0+(@1))
                 	LDI  R27,HIGH(@0+(@1))
                 	CALL __EEPROMWRW
                 	.ENDM
                 
                 	.MACRO __PUTD1EN
                 	LDI  R26,LOW(@0+(@1))
                 	LDI  R27,HIGH(@0+(@1))
                 	CALL __EEPROMWRD
                 	.ENDM
                 
                 	.MACRO __PUTBR0MN
                 	STS  @0+(@1),R0
                 	.ENDM
                 
                 	.MACRO __PUTBMRN
                 	STS  @0+(@1),R@2
                 	.ENDM
                 
                 	.MACRO __PUTWMRN
                 	STS  @0+(@1),R@2
                 	STS  @0+(@1)+1,R@3
                 	.ENDM
                 
                 	.MACRO __PUTBZR
                 	STD  Z+@1,R@0
                 	.ENDM
                 
                 	.MACRO __PUTWZR
                 	STD  Z+@2,R@0
                 	STD  Z+@2+1,R@1
                 	.ENDM
                 
                 	.MACRO __GETW1R
                 	MOV  R30,R@0
                 	MOV  R31,R@1
                 	.ENDM
                 
                 	.MACRO __GETW2R
                 	MOV  R26,R@0
                 	MOV  R27,R@1
                 	.ENDM
                 
                 	.MACRO __GETWRN
                 	LDI  R@0,LOW(@2)
                 	LDI  R@1,HIGH(@2)
                 	.ENDM
                 
                 	.MACRO __PUTW1R
                 	MOV  R@0,R30
                 	MOV  R@1,R31
                 	.ENDM
                 
                 	.MACRO __PUTW2R
                 	MOV  R@0,R26
                 	MOV  R@1,R27
                 	.ENDM
                 
                 	.MACRO __ADDWRN
                 	SUBI R@0,LOW(-@2)
                 	SBCI R@1,HIGH(-@2)
                 	.ENDM
                 
                 	.MACRO __ADDWRR
                 	ADD  R@0,R@2
                 	ADC  R@1,R@3
                 	.ENDM
                 
                 	.MACRO __SUBWRN
                 	SUBI R@0,LOW(@2)
                 	SBCI R@1,HIGH(@2)
                 	.ENDM
                 
                 	.MACRO __SUBWRR
                 	SUB  R@0,R@2
                 	SBC  R@1,R@3
                 	.ENDM
                 
                 	.MACRO __ANDWRN
                 	ANDI R@0,LOW(@2)
                 	ANDI R@1,HIGH(@2)
                 	.ENDM
                 
                 	.MACRO __ANDWRR
                 	AND  R@0,R@2
                 	AND  R@1,R@3
                 	.ENDM
                 
                 	.MACRO __ORWRN
                 	ORI  R@0,LOW(@2)
                 	ORI  R@1,HIGH(@2)
                 	.ENDM
                 
                 	.MACRO __ORWRR
                 	OR   R@0,R@2
                 	OR   R@1,R@3
                 	.ENDM
                 
                 	.MACRO __EORWRR
                 	EOR  R@0,R@2
                 	EOR  R@1,R@3
                 	.ENDM
                 
                 	.MACRO __GETWRS
                 	LDD  R@0,Y+@2
                 	LDD  R@1,Y+@2+1
                 	.ENDM
                 
                 	.MACRO __PUTBSR
                 	STD  Y+@1,R@0
                 	.ENDM
                 
                 	.MACRO __PUTWSR
                 	STD  Y+@2,R@0
                 	STD  Y+@2+1,R@1
                 	.ENDM
                 
                 	.MACRO __MOVEWRR
                 	MOV  R@0,R@2
                 	MOV  R@1,R@3
                 	.ENDM
                 
                 	.MACRO __INWR
                 	IN   R@0,@2
                 	IN   R@1,@2+1
                 	.ENDM
                 
                 	.MACRO __OUTWR
                 	OUT  @2+1,R@1
                 	OUT  @2,R@0
                 	.ENDM
                 
                 	.MACRO __CALL1MN
                 	LDS  R30,@0+(@1)
                 	LDS  R31,@0+(@1)+1
                 	ICALL
                 	.ENDM
                 
                 	.MACRO __CALL1FN
                 	LDI  R30,LOW(2*@0+(@1))
                 	LDI  R31,HIGH(2*@0+(@1))
                 	CALL __GETW1PF
                 	ICALL
                 	.ENDM
                 
                 	.MACRO __CALL2EN
                 	PUSH R26
                 	PUSH R27
                 	LDI  R26,LOW(@0+(@1))
                 	LDI  R27,HIGH(@0+(@1))
                 	CALL __EEPROMRDW
                 	POP  R27
                 	POP  R26
                 	ICALL
                 	.ENDM
                 
                 	.MACRO __CALL2EX
                 	SUBI R26,LOW(-@0)
                 	SBCI R27,HIGH(-@0)
                 	CALL __EEPROMRDD
                 	ICALL
                 	.ENDM
                 
                 	.MACRO __GETW1STACK
                 	IN   R30,SPL
                 	IN   R31,SPH
                 	ADIW R30,@0+1
                 	LD   R0,Z+
                 	LD   R31,Z
                 	MOV  R30,R0
                 	.ENDM
                 
                 	.MACRO __GETD1STACK
                 	IN   R30,SPL
                 	IN   R31,SPH
                 	ADIW R30,@0+1
                 	LD   R0,Z+
                 	LD   R1,Z+
                 	LD   R22,Z
                 	MOVW R30,R0
                 	.ENDM
                 
                 	.MACRO __NBST
                 	BST  R@0,@1
                 	IN   R30,SREG
                 	LDI  R31,0x40
                 	EOR  R30,R31
                 	OUT  SREG,R30
                 	.ENDM
                 
                 
                 	.MACRO __PUTB1SN
                 	LDD  R26,Y+@0
                 	LDD  R27,Y+@0+1
                 	SUBI R26,LOW(-@1)
                 	SBCI R27,HIGH(-@1)
                 	ST   X,R30
                 	.ENDM
                 
                 	.MACRO __PUTW1SN
                 	LDD  R26,Y+@0
                 	LDD  R27,Y+@0+1
                 	SUBI R26,LOW(-@1)
                 	SBCI R27,HIGH(-@1)
                 	ST   X+,R30
                 	ST   X,R31
                 	.ENDM
                 
                 	.MACRO __PUTD1SN
                 	LDD  R26,Y+@0
                 	LDD  R27,Y+@0+1
                 	SUBI R26,LOW(-@1)
                 	SBCI R27,HIGH(-@1)
                 	CALL __PUTDP1
                 	.ENDM
                 
                 	.MACRO __PUTB1SNS
                 	LDD  R26,Y+@0
                 	LDD  R27,Y+@0+1
                 	ADIW R26,@1
                 	ST   X,R30
                 	.ENDM
                 
                 	.MACRO __PUTW1SNS
                 	LDD  R26,Y+@0
                 	LDD  R27,Y+@0+1
                 	ADIW R26,@1
                 	ST   X+,R30
                 	ST   X,R31
                 	.ENDM
                 
                 	.MACRO __PUTD1SNS
                 	LDD  R26,Y+@0
                 	LDD  R27,Y+@0+1
                 	ADIW R26,@1
                 	CALL __PUTDP1
                 	.ENDM
                 
                 	.MACRO __PUTB1PMN
                 	LDS  R26,@0
                 	LDS  R27,@0+1
                 	SUBI R26,LOW(-@1)
                 	SBCI R27,HIGH(-@1)
                 	ST   X,R30
                 	.ENDM
                 
                 	.MACRO __PUTW1PMN
                 	LDS  R26,@0
                 	LDS  R27,@0+1
                 	SUBI R26,LOW(-@1)
                 	SBCI R27,HIGH(-@1)
                 	ST   X+,R30
                 	ST   X,R31
                 	.ENDM
                 
                 	.MACRO __PUTD1PMN
                 	LDS  R26,@0
                 	LDS  R27,@0+1
                 	SUBI R26,LOW(-@1)
                 	SBCI R27,HIGH(-@1)
                 	CALL __PUTDP1
                 	.ENDM
                 
                 	.MACRO __PUTB1PMNS
                 	LDS  R26,@0
                 	LDS  R27,@0+1
                 	ADIW R26,@1
                 	ST   X,R30
                 	.ENDM
                 
                 	.MACRO __PUTW1PMNS
                 	LDS  R26,@0
                 	LDS  R27,@0+1
                 	ADIW R26,@1
                 	ST   X+,R30
                 	ST   X,R31
                 	.ENDM
                 
                 	.MACRO __PUTD1PMNS
                 	LDS  R26,@0
                 	LDS  R27,@0+1
                 	ADIW R26,@1
                 	CALL __PUTDP1
                 	.ENDM
                 
                 	.MACRO __PUTB1RN
                 	MOVW R26,R@0
                 	SUBI R26,LOW(-@1)
                 	SBCI R27,HIGH(-@1)
                 	ST   X,R30
                 	.ENDM
                 
                 	.MACRO __PUTW1RN
                 	MOVW R26,R@0
                 	SUBI R26,LOW(-@1)
                 	SBCI R27,HIGH(-@1)
                 	ST   X+,R30
                 	ST   X,R31
                 	.ENDM
                 
                 	.MACRO __PUTD1RN
                 	MOVW R26,R@0
                 	SUBI R26,LOW(-@1)
                 	SBCI R27,HIGH(-@1)
                 	CALL __PUTDP1
                 	.ENDM
                 
                 	.MACRO __PUTB1RNS
                 	MOVW R26,R@0
                 	ADIW R26,@1
                 	ST   X,R30
                 	.ENDM
                 
                 	.MACRO __PUTW1RNS
                 	MOVW R26,R@0
                 	ADIW R26,@1
                 	ST   X+,R30
                 	ST   X,R31
                 	.ENDM
                 
                 	.MACRO __PUTD1RNS
                 	MOVW R26,R@0
                 	ADIW R26,@1
                 	CALL __PUTDP1
                 	.ENDM
                 
                 	.MACRO __PUTB1RON
                 	MOV  R26,R@0
                 	MOV  R27,R@1
                 	SUBI R26,LOW(-@2)
                 	SBCI R27,HIGH(-@2)
                 	ST   X,R30
                 	.ENDM
                 
                 	.MACRO __PUTW1RON
                 	MOV  R26,R@0
                 	MOV  R27,R@1
                 	SUBI R26,LOW(-@2)
                 	SBCI R27,HIGH(-@2)
                 	ST   X+,R30
                 	ST   X,R31
                 	.ENDM
                 
                 	.MACRO __PUTD1RON
                 	MOV  R26,R@0
                 	MOV  R27,R@1
                 	SUBI R26,LOW(-@2)
                 	SBCI R27,HIGH(-@2)
                 	CALL __PUTDP1
                 	.ENDM
                 
                 	.MACRO __PUTB1RONS
                 	MOV  R26,R@0
                 	MOV  R27,R@1
                 	ADIW R26,@2
                 	ST   X,R30
                 	.ENDM
                 
                 	.MACRO __PUTW1RONS
                 	MOV  R26,R@0
                 	MOV  R27,R@1
                 	ADIW R26,@2
                 	ST   X+,R30
                 	ST   X,R31
                 	.ENDM
                 
                 	.MACRO __PUTD1RONS
                 	MOV  R26,R@0
                 	MOV  R27,R@1
                 	ADIW R26,@2
                 	CALL __PUTDP1
                 	.ENDM
                 
                 
                 	.MACRO __GETB1SX
                 	MOVW R30,R28
                 	SUBI R30,LOW(-@0)
                 	SBCI R31,HIGH(-@0)
                 	LD   R30,Z
                 	.ENDM
                 
                 	.MACRO __GETB1HSX
                 	MOVW R30,R28
                 	SUBI R30,LOW(-@0)
                 	SBCI R31,HIGH(-@0)
                 	LD   R31,Z
                 	.ENDM
                 
                 	.MACRO __GETW1SX
                 	MOVW R30,R28
                 	SUBI R30,LOW(-@0)
                 	SBCI R31,HIGH(-@0)
                 	LD   R0,Z+
                 	LD   R31,Z
                 	MOV  R30,R0
                 	.ENDM
                 
                 	.MACRO __GETD1SX
                 	MOVW R30,R28
                 	SUBI R30,LOW(-@0)
                 	SBCI R31,HIGH(-@0)
                 	LD   R0,Z+
                 	LD   R1,Z+
                 	LD   R22,Z+
                 	LD   R23,Z
                 	MOVW R30,R0
                 	.ENDM
                 
                 	.MACRO __GETB2SX
                 	MOVW R26,R28
                 	SUBI R26,LOW(-@0)
                 	SBCI R27,HIGH(-@0)
                 	LD   R26,X
                 	.ENDM
                 
                 	.MACRO __GETW2SX
                 	MOVW R26,R28
                 	SUBI R26,LOW(-@0)
                 	SBCI R27,HIGH(-@0)
                 	LD   R0,X+
                 	LD   R27,X
                 	MOV  R26,R0
                 	.ENDM
                 
                 	.MACRO __GETD2SX
                 	MOVW R26,R28
                 	SUBI R26,LOW(-@0)
                 	SBCI R27,HIGH(-@0)
                 	LD   R0,X+
                 	LD   R1,X+
                 	LD   R24,X+
                 	LD   R25,X
                 	MOVW R26,R0
                 	.ENDM
                 
                 	.MACRO __GETBRSX
                 	MOVW R30,R28
                 	SUBI R30,LOW(-@1)
                 	SBCI R31,HIGH(-@1)
                 	LD   R@0,Z
                 	.ENDM
                 
                 	.MACRO __GETWRSX
                 	MOVW R30,R28
                 	SUBI R30,LOW(-@2)
                 	SBCI R31,HIGH(-@2)
                 	LD   R@0,Z+
                 	LD   R@1,Z
                 	.ENDM
                 
                 	.MACRO __GETBRSX2
                 	MOVW R26,R28
                 	SUBI R26,LOW(-@1)
                 	SBCI R27,HIGH(-@1)
                 	LD   R@0,X
                 	.ENDM
                 
                 	.MACRO __GETWRSX2
                 	MOVW R26,R28
                 	SUBI R26,LOW(-@2)
                 	SBCI R27,HIGH(-@2)
                 	LD   R@0,X+
                 	LD   R@1,X
                 	.ENDM
                 
                 	.MACRO __LSLW8SX
                 	MOVW R30,R28
                 	SUBI R30,LOW(-@0)
                 	SBCI R31,HIGH(-@0)
                 	LD   R31,Z
                 	CLR  R30
                 	.ENDM
                 
                 	.MACRO __PUTB1SX
                 	MOVW R26,R28
                 	SUBI R26,LOW(-@0)
                 	SBCI R27,HIGH(-@0)
                 	ST   X,R30
                 	.ENDM
                 
                 	.MACRO __PUTW1SX
                 	MOVW R26,R28
                 	SUBI R26,LOW(-@0)
                 	SBCI R27,HIGH(-@0)
                 	ST   X+,R30
                 	ST   X,R31
                 	.ENDM
                 
                 	.MACRO __PUTD1SX
                 	MOVW R26,R28
                 	SUBI R26,LOW(-@0)
                 	SBCI R27,HIGH(-@0)
                 	ST   X+,R30
                 	ST   X+,R31
                 	ST   X+,R22
                 	ST   X,R23
                 	.ENDM
                 
                 	.MACRO __CLRW1SX
                 	MOVW R26,R28
                 	SUBI R26,LOW(-@0)
                 	SBCI R27,HIGH(-@0)
                 	ST   X+,R30
                 	ST   X,R30
                 	.ENDM
                 
                 	.MACRO __CLRD1SX
                 	MOVW R26,R28
                 	SUBI R26,LOW(-@0)
                 	SBCI R27,HIGH(-@0)
                 	ST   X+,R30
                 	ST   X+,R30
                 	ST   X+,R30
                 	ST   X,R30
                 	.ENDM
                 
                 	.MACRO __PUTB2SX
                 	MOVW R30,R28
                 	SUBI R30,LOW(-@0)
                 	SBCI R31,HIGH(-@0)
                 	ST   Z,R26
                 	.ENDM
                 
                 	.MACRO __PUTW2SX
                 	MOVW R30,R28
                 	SUBI R30,LOW(-@0)
                 	SBCI R31,HIGH(-@0)
                 	ST   Z+,R26
                 	ST   Z,R27
                 	.ENDM
                 
                 	.MACRO __PUTD2SX
                 	MOVW R30,R28
                 	SUBI R30,LOW(-@0)
                 	SBCI R31,HIGH(-@0)
                 	ST   Z+,R26
                 	ST   Z+,R27
                 	ST   Z+,R24
                 	ST   Z,R25
                 	.ENDM
                 
                 	.MACRO __PUTBSRX
                 	MOVW R30,R28
                 	SUBI R30,LOW(-@1)
                 	SBCI R31,HIGH(-@1)
                 	ST   Z,R@0
                 	.ENDM
                 
                 	.MACRO __PUTWSRX
                 	MOVW R30,R28
                 	SUBI R30,LOW(-@2)
                 	SBCI R31,HIGH(-@2)
                 	ST   Z+,R@0
                 	ST   Z,R@1
                 	.ENDM
                 
                 	.MACRO __PUTB1SNX
                 	MOVW R26,R28
                 	SUBI R26,LOW(-@0)
                 	SBCI R27,HIGH(-@0)
                 	LD   R0,X+
                 	LD   R27,X
                 	MOV  R26,R0
                 	SUBI R26,LOW(-@1)
                 	SBCI R27,HIGH(-@1)
                 	ST   X,R30
                 	.ENDM
                 
                 	.MACRO __PUTW1SNX
                 	MOVW R26,R28
                 	SUBI R26,LOW(-@0)
                 	SBCI R27,HIGH(-@0)
                 	LD   R0,X+
                 	LD   R27,X
                 	MOV  R26,R0
                 	SUBI R26,LOW(-@1)
                 	SBCI R27,HIGH(-@1)
                 	ST   X+,R30
                 	ST   X,R31
                 	.ENDM
                 
                 	.MACRO __PUTD1SNX
                 	MOVW R26,R28
                 	SUBI R26,LOW(-@0)
                 	SBCI R27,HIGH(-@0)
                 	LD   R0,X+
                 	LD   R27,X
                 	MOV  R26,R0
                 	SUBI R26,LOW(-@1)
                 	SBCI R27,HIGH(-@1)
                 	ST   X+,R30
                 	ST   X+,R31
                 	ST   X+,R22
                 	ST   X,R23
                 	.ENDM
                 
                 	.MACRO __MULBRR
                 	MULS R@0,R@1
                 	MOVW R30,R0
                 	.ENDM
                 
                 	.MACRO __MULBRRU
                 	MUL  R@0,R@1
                 	MOVW R30,R0
                 	.ENDM
                 
                 	.MACRO __MULBRR0
                 	MULS R@0,R@1
                 	.ENDM
                 
                 	.MACRO __MULBRRU0
                 	MUL  R@0,R@1
                 	.ENDM
                 
                 	.MACRO __MULBNWRU
                 	LDI  R26,@2
                 	MUL  R26,R@0
                 	MOVW R30,R0
                 	MUL  R26,R@1
                 	ADD  R31,R0
                 	.ENDM
                 
                 ;NAME DEFINITIONS FOR GLOBAL VARIABLES ALLOCATED TO REGISTERS
                 	.DEF __lcd_x=R5
                 	.DEF __lcd_y=R4
                 	.DEF __lcd_maxx=R7
                 
                 	.CSEG
                 	.ORG 0x00
                 
                 ;START OF CODE MARKER
                 __START_OF_CODE:
                 
                 ;INTERRUPT VECTORS
000000 940c 004c 	JMP  __RESET
000002 940c 0000 	JMP  0x00
000004 940c 0000 	JMP  0x00
000006 940c 0000 	JMP  0x00
000008 940c 0000 	JMP  0x00
00000a 940c 0000 	JMP  0x00
00000c 940c 0000 	JMP  0x00
00000e 940c 0000 	JMP  0x00
000010 940c 0000 	JMP  0x00
000012 940c 0000 	JMP  0x00
000014 940c 0000 	JMP  0x00
000016 940c 0000 	JMP  0x00
000018 940c 0000 	JMP  0x00
00001a 940c 0000 	JMP  0x00
00001c 940c 0000 	JMP  0x00
00001e 940c 0000 	JMP  0x00
000020 940c 0000 	JMP  0x00
000022 940c 0000 	JMP  0x00
000024 940c 0000 	JMP  0x00
000026 940c 0000 	JMP  0x00
000028 940c 0000 	JMP  0x00
                 
                 _tbl10_G102:
00002a 2710
00002b 03e8
00002c 0064
00002d 000a      	.DB  0x10,0x27,0xE8,0x3,0x64,0x0,0xA,0x0
00002e 0001      	.DB  0x1,0x0
                 _tbl16_G102:
00002f 1000
000030 0100
000031 0010
000032 0001      	.DB  0x0,0x10,0x0,0x1,0x10,0x0,0x1,0x0
                 
                 _0x0:
000033 2053
000034 6573
000035 646e
000036 203a      	.DB  0x53,0x20,0x73,0x65,0x6E,0x64,0x3A,0x20
000037 0020
000038 2053
000039 6572
00003a 6963      	.DB  0x20,0x0,0x53,0x20,0x72,0x65,0x63,0x69
00003b 7665
00003c 3a65
00003d 2020
00003e 2500      	.DB  0x65,0x76,0x65,0x3A,0x20,0x20,0x0,0x25
00003f 2064
000040 0020      	.DB  0x64,0x20,0x20,0x0
                 _0x2000003:
000041 c080      	.DB  0x80,0xC0
                 
                 __GLOBAL_INI_TBL:
000042 000a      	.DW  0x0A
000043 0160      	.DW  _0x3
000044 0066      	.DW  _0x0*2
                 
000045 000d      	.DW  0x0D
000046 016a      	.DW  _0x3+10
000047 0070      	.DW  _0x0*2+10
                 
000048 0002      	.DW  0x02
000049 0177      	.DW  __base_y_G100
00004a 0082      	.DW  _0x2000003*2
                 
                 _0xFFFFFFFF:
00004b 0000      	.DW  0
                 
                 #define __GLOBAL_INI_TBL_PRESENT 1
                 
                 __RESET:
00004c 94f8      	CLI
00004d 27ee      	CLR  R30
00004e bbec      	OUT  EECR,R30
                 
                 ;INTERRUPT VECTORS ARE PLACED
                 ;AT THE START OF FLASH
00004f e0f1      	LDI  R31,1
000050 bffb      	OUT  GICR,R31
000051 bfeb      	OUT  GICR,R30
000052 bfe5      	OUT  MCUCR,R30
                 
                 ;CLEAR R2-R14
000053 e08d      	LDI  R24,(14-2)+1
000054 e0a2      	LDI  R26,2
000055 27bb      	CLR  R27
                 __CLEAR_REG:
000056 93ed      	ST   X+,R30
000057 958a      	DEC  R24
000058 f7e9      	BRNE __CLEAR_REG
                 
                 ;CLEAR SRAM
000059 e080      	LDI  R24,LOW(__CLEAR_SRAM_SIZE)
00005a e094      	LDI  R25,HIGH(__CLEAR_SRAM_SIZE)
00005b e6a0      	LDI  R26,__SRAM_START
                 __CLEAR_SRAM:
00005c 93ed      	ST   X+,R30
00005d 9701      	SBIW R24,1
00005e f7e9      	BRNE __CLEAR_SRAM
                 
                 ;GLOBAL VARIABLES INITIALIZATION
00005f e8e4      	LDI  R30,LOW(__GLOBAL_INI_TBL*2)
000060 e0f0      	LDI  R31,HIGH(__GLOBAL_INI_TBL*2)
                 __GLOBAL_INI_NEXT:
000061 9185      	LPM  R24,Z+
000062 9195      	LPM  R25,Z+
000063 9700      	SBIW R24,0
000064 f061      	BREQ __GLOBAL_INI_END
000065 91a5      	LPM  R26,Z+
000066 91b5      	LPM  R27,Z+
000067 9005      	LPM  R0,Z+
000068 9015      	LPM  R1,Z+
000069 01bf      	MOVW R22,R30
00006a 01f0      	MOVW R30,R0
                 __GLOBAL_INI_LOOP:
00006b 9005      	LPM  R0,Z+
00006c 920d      	ST   X+,R0
00006d 9701      	SBIW R24,1
00006e f7e1      	BRNE __GLOBAL_INI_LOOP
00006f 01fb      	MOVW R30,R22
000070 cff0      	RJMP __GLOBAL_INI_NEXT
                 __GLOBAL_INI_END:
                 
                 ;HARDWARE STACK POINTER INITIALIZATION
000071 e5ef      	LDI  R30,LOW(__SRAM_END-__HEAP_SIZE)
000072 bfed      	OUT  SPL,R30
000073 e0e4      	LDI  R30,HIGH(__SRAM_END-__HEAP_SIZE)
000074 bfee      	OUT  SPH,R30
                 
                 ;DATA STACK POINTER INITIALIZATION
000075 e6c0      	LDI  R28,LOW(__SRAM_START+__DSTACK_SIZE)
000076 e0d1      	LDI  R29,HIGH(__SRAM_START+__DSTACK_SIZE)
                 
000077 940c 0079 	JMP  _main
                 
                 	.ESEG
                 	.ORG 0
                 
                 	.DSEG
                 	.ORG 0x160
                 
                 	.CSEG
                 ;/*******************************************************
                 ;This program was created by the
                 ;CodeWizardAVR V3.12 Advanced
                 ;Automatic Program Generator
                 ;© Copyright 1998-2014 Pavel Haiduc, HP InfoTech s.r.l.
                 ;http://www.hpinfotech.com
                 ;
                 ;Project :
                 ;Version :
                 ;Date    : 12/31/2022
                 ;Author  :
                 ;Company :
                 ;Comments:
                 ;
                 ;
                 ;Chip type               : ATmega16
                 ;Program type            : Application
                 ;AVR Core Clock frequency: 8.000000 MHz
                 ;Memory model            : Small
                 ;External RAM size       : 0
                 ;Data Stack size         : 256
                 ;*******************************************************/
                 ;
                 ;#include <mega16.h>
                 	#ifndef __SLEEP_DEFINED__
                 	#define __SLEEP_DEFINED__
                 	.EQU __se_bit=0x40
                 	.EQU __sm_mask=0xB0
                 	.EQU __sm_powerdown=0x20
                 	.EQU __sm_powersave=0x30
                 	.EQU __sm_standby=0xA0
                 	.EQU __sm_ext_standby=0xB0
                 	.EQU __sm_adc_noise_red=0x10
                 	.SET power_ctrl_reg=mcucr
                 	#endif
                 ;
                 ;// Alphanumeric LCD functions
                 ;#include <alcd.h>
                 ;
                 ;// Declare your global variables here
                 ;
                 ;// SPI functions
                 ;#include <spi.h>
                 ;#include <stdio.h>
                 ;#include <delay.h>
                 ;
                 ;void main(void)
                 ; 0000 0025 {
                 
                 	.CSEG
                 _main:
                 ; .FSTART _main
                 ; 0000 0026 
                 ; 0000 0027 char count=0,data=0;
                 ; 0000 0028 char buffer[5];
                 ; 0000 0029 
                 ; 0000 002A // Declare your local variables here
                 ; 0000 002B 
                 ; 0000 002C // Input/Output Ports initialization
                 ; 0000 002D // Port A initialization
                 ; 0000 002E // Function: Bit7=In Bit6=In Bit5=In Bit4=In Bit3=In Bit2=In Bit1=In Bit0=In
                 ; 0000 002F DDRA=(0<<DDA7) | (0<<DDA6) | (0<<DDA5) | (0<<DDA4) | (0<<DDA3) | (0<<DDA2) | (0<<DDA1) | (0<<DDA0);
000079 9725      	SBIW R28,5
                 ;	count -> R17
                 ;	data -> R16
                 ;	buffer -> Y+0
00007a e010      	LDI  R17,0
00007b e000      	LDI  R16,0
00007c e0e0      	LDI  R30,LOW(0)
00007d bbea      	OUT  0x1A,R30
                 ; 0000 0030 // State: Bit7=T Bit6=T Bit5=T Bit4=T Bit3=T Bit2=T Bit1=T Bit0=T
                 ; 0000 0031 PORTA=(0<<PORTA7) | (0<<PORTA6) | (0<<PORTA5) | (0<<PORTA4) | (0<<PORTA3) | (0<<PORTA2) | (0<<PORTA1) | (0<<PORTA0);
00007e bbeb      	OUT  0x1B,R30
                 ; 0000 0032 
                 ; 0000 0033 // Port B initialization
                 ; 0000 0034 // Function: Bit7=In Bit6=Out Bit5=In Bit4=In Bit3=In Bit2=In Bit1=In Bit0=In
                 ; 0000 0035 DDRB=(0<<DDB7) | (1<<DDB6) | (0<<DDB5) | (0<<DDB4) | (0<<DDB3) | (0<<DDB2) | (0<<DDB1) | (0<<DDB0);
00007f e4e0      	LDI  R30,LOW(64)
000080 bbe7      	OUT  0x17,R30
                 ; 0000 0036 // State: Bit7=T Bit6=0 Bit5=T Bit4=T Bit3=T Bit2=T Bit1=T Bit0=T
                 ; 0000 0037 PORTB=(0<<PORTB7) | (0<<PORTB6) | (0<<PORTB5) | (0<<PORTB4) | (0<<PORTB3) | (0<<PORTB2) | (0<<PORTB1) | (0<<PORTB0);
000081 e0e0      	LDI  R30,LOW(0)
000082 bbe8      	OUT  0x18,R30
                 ; 0000 0038 
                 ; 0000 0039 // Port C initialization
                 ; 0000 003A // Function: Bit7=In Bit6=In Bit5=In Bit4=In Bit3=In Bit2=In Bit1=In Bit0=In
                 ; 0000 003B DDRC=(0<<DDC7) | (0<<DDC6) | (0<<DDC5) | (0<<DDC4) | (0<<DDC3) | (0<<DDC2) | (0<<DDC1) | (0<<DDC0);
000083 bbe4      	OUT  0x14,R30
                 ; 0000 003C // State: Bit7=T Bit6=T Bit5=T Bit4=T Bit3=T Bit2=T Bit1=T Bit0=T
                 ; 0000 003D PORTC=(0<<PORTC7) | (0<<PORTC6) | (0<<PORTC5) | (0<<PORTC4) | (0<<PORTC3) | (0<<PORTC2) | (0<<PORTC1) | (0<<PORTC0);
000084 bbe5      	OUT  0x15,R30
                 ; 0000 003E 
                 ; 0000 003F // Port D initialization
                 ; 0000 0040 // Function: Bit7=In Bit6=In Bit5=In Bit4=In Bit3=In Bit2=In Bit1=In Bit0=In
                 ; 0000 0041 DDRD=(0<<DDD7) | (0<<DDD6) | (0<<DDD5) | (0<<DDD4) | (0<<DDD3) | (0<<DDD2) | (0<<DDD1) | (0<<DDD0);
000085 bbe1      	OUT  0x11,R30
                 ; 0000 0042 // State: Bit7=T Bit6=T Bit5=T Bit4=T Bit3=T Bit2=T Bit1=T Bit0=T
                 ; 0000 0043 PORTD=(0<<PORTD7) | (0<<PORTD6) | (0<<PORTD5) | (0<<PORTD4) | (0<<PORTD3) | (0<<PORTD2) | (0<<PORTD1) | (0<<PORTD0);
000086 bbe2      	OUT  0x12,R30
                 ; 0000 0044 
                 ; 0000 0045 // Timer/Counter 0 initialization
                 ; 0000 0046 // Clock source: System Clock
                 ; 0000 0047 // Clock value: Timer 0 Stopped
                 ; 0000 0048 // Mode: Normal top=0xFF
                 ; 0000 0049 // OC0 output: Disconnected
                 ; 0000 004A TCCR0=(0<<WGM00) | (0<<COM01) | (0<<COM00) | (0<<WGM01) | (0<<CS02) | (0<<CS01) | (0<<CS00);
000087 bfe3      	OUT  0x33,R30
                 ; 0000 004B TCNT0=0x00;
000088 bfe2      	OUT  0x32,R30
                 ; 0000 004C OCR0=0x00;
000089 bfec      	OUT  0x3C,R30
                 ; 0000 004D 
                 ; 0000 004E // Timer/Counter 1 initialization
                 ; 0000 004F // Clock source: System Clock
                 ; 0000 0050 // Clock value: Timer1 Stopped
                 ; 0000 0051 // Mode: Normal top=0xFFFF
                 ; 0000 0052 // OC1A output: Disconnected
                 ; 0000 0053 // OC1B output: Disconnected
                 ; 0000 0054 // Noise Canceler: Off
                 ; 0000 0055 // Input Capture on Falling Edge
                 ; 0000 0056 // Timer1 Overflow Interrupt: Off
                 ; 0000 0057 // Input Capture Interrupt: Off
                 ; 0000 0058 // Compare A Match Interrupt: Off
                 ; 0000 0059 // Compare B Match Interrupt: Off
                 ; 0000 005A TCCR1A=(0<<COM1A1) | (0<<COM1A0) | (0<<COM1B1) | (0<<COM1B0) | (0<<WGM11) | (0<<WGM10);
00008a bdef      	OUT  0x2F,R30
                 ; 0000 005B TCCR1B=(0<<ICNC1) | (0<<ICES1) | (0<<WGM13) | (0<<WGM12) | (0<<CS12) | (0<<CS11) | (0<<CS10);
00008b bdee      	OUT  0x2E,R30
                 ; 0000 005C TCNT1H=0x00;
00008c bded      	OUT  0x2D,R30
                 ; 0000 005D TCNT1L=0x00;
00008d bdec      	OUT  0x2C,R30
                 ; 0000 005E ICR1H=0x00;
00008e bde7      	OUT  0x27,R30
                 ; 0000 005F ICR1L=0x00;
00008f bde6      	OUT  0x26,R30
                 ; 0000 0060 OCR1AH=0x00;
000090 bdeb      	OUT  0x2B,R30
                 ; 0000 0061 OCR1AL=0x00;
000091 bdea      	OUT  0x2A,R30
                 ; 0000 0062 OCR1BH=0x00;
000092 bde9      	OUT  0x29,R30
                 ; 0000 0063 OCR1BL=0x00;
000093 bde8      	OUT  0x28,R30
                 ; 0000 0064 
                 ; 0000 0065 // Timer/Counter 2 initialization
                 ; 0000 0066 // Clock source: System Clock
                 ; 0000 0067 // Clock value: Timer2 Stopped
                 ; 0000 0068 // Mode: Normal top=0xFF
                 ; 0000 0069 // OC2 output: Disconnected
                 ; 0000 006A ASSR=0<<AS2;
000094 bde2      	OUT  0x22,R30
                 ; 0000 006B TCCR2=(0<<PWM2) | (0<<COM21) | (0<<COM20) | (0<<CTC2) | (0<<CS22) | (0<<CS21) | (0<<CS20);
000095 bde5      	OUT  0x25,R30
                 ; 0000 006C TCNT2=0x00;
000096 bde4      	OUT  0x24,R30
                 ; 0000 006D OCR2=0x00;
000097 bde3      	OUT  0x23,R30
                 ; 0000 006E 
                 ; 0000 006F // Timer(s)/Counter(s) Interrupt(s) initialization
                 ; 0000 0070 TIMSK=(0<<OCIE2) | (0<<TOIE2) | (0<<TICIE1) | (0<<OCIE1A) | (0<<OCIE1B) | (0<<TOIE1) | (0<<OCIE0) | (0<<TOIE0);
000098 bfe9      	OUT  0x39,R30
                 ; 0000 0071 
                 ; 0000 0072 // External Interrupt(s) initialization
                 ; 0000 0073 // INT0: Off
                 ; 0000 0074 // INT1: Off
                 ; 0000 0075 // INT2: Off
                 ; 0000 0076 MCUCR=(0<<ISC11) | (0<<ISC10) | (0<<ISC01) | (0<<ISC00);
000099 bfe5      	OUT  0x35,R30
                 ; 0000 0077 MCUCSR=(0<<ISC2);
00009a bfe4      	OUT  0x34,R30
                 ; 0000 0078 
                 ; 0000 0079 // USART initialization
                 ; 0000 007A // USART disabled
                 ; 0000 007B UCSRB=(0<<RXCIE) | (0<<TXCIE) | (0<<UDRIE) | (0<<RXEN) | (0<<TXEN) | (0<<UCSZ2) | (0<<RXB8) | (0<<TXB8);
00009b b9ea      	OUT  0xA,R30
                 ; 0000 007C 
                 ; 0000 007D // Analog Comparator initialization
                 ; 0000 007E // Analog Comparator: Off
                 ; 0000 007F // The Analog Comparator's positive input is
                 ; 0000 0080 // connected to the AIN0 pin
                 ; 0000 0081 // The Analog Comparator's negative input is
                 ; 0000 0082 // connected to the AIN1 pin
                 ; 0000 0083 ACSR=(1<<ACD) | (0<<ACBG) | (0<<ACO) | (0<<ACI) | (0<<ACIE) | (0<<ACIC) | (0<<ACIS1) | (0<<ACIS0);
00009c e8e0      	LDI  R30,LOW(128)
00009d b9e8      	OUT  0x8,R30
                 ; 0000 0084 SFIOR=(0<<ACME);
00009e e0e0      	LDI  R30,LOW(0)
00009f bfe0      	OUT  0x30,R30
                 ; 0000 0085 
                 ; 0000 0086 // ADC initialization
                 ; 0000 0087 // ADC disabled
                 ; 0000 0088 ADCSRA=(0<<ADEN) | (0<<ADSC) | (0<<ADATE) | (0<<ADIF) | (0<<ADIE) | (0<<ADPS2) | (0<<ADPS1) | (0<<ADPS0);
0000a0 b9e6      	OUT  0x6,R30
                 ; 0000 0089 
                 ; 0000 008A // SPI initialization
                 ; 0000 008B // SPI Type: Slave
                 ; 0000 008C // SPI Clock Rate: 2000.000 kHz
                 ; 0000 008D // SPI Clock Phase: Cycle Start
                 ; 0000 008E // SPI Clock Polarity: Low
                 ; 0000 008F // SPI Data Order: MSB First
                 ; 0000 0090 SPCR=(0<<SPIE) | (1<<SPE) | (0<<DORD) | (0<<MSTR) | (0<<CPOL) | (0<<CPHA) | (0<<SPR1) | (0<<SPR0);
0000a1 e4e0      	LDI  R30,LOW(64)
0000a2 b9ed      	OUT  0xD,R30
                 ; 0000 0091 SPSR=(0<<SPI2X);
0000a3 e0e0      	LDI  R30,LOW(0)
0000a4 b9ee      	OUT  0xE,R30
                 ; 0000 0092 
                 ; 0000 0093 // TWI initialization
                 ; 0000 0094 // TWI disabled
                 ; 0000 0095 TWCR=(0<<TWEA) | (0<<TWSTA) | (0<<TWSTO) | (0<<TWEN) | (0<<TWIE);
0000a5 bfe6      	OUT  0x36,R30
                 ; 0000 0096 
                 ; 0000 0097 // Alphanumeric LCD initialization
                 ; 0000 0098 // Connections are specified in the
                 ; 0000 0099 // Project|Configure|C Compiler|Libraries|Alphanumeric LCD menu:
                 ; 0000 009A // RS - PORTC Bit 0
                 ; 0000 009B // RD - PORTC Bit 1
                 ; 0000 009C // EN - PORTC Bit 2
                 ; 0000 009D // D4 - PORTC Bit 4
                 ; 0000 009E // D5 - PORTC Bit 5
                 ; 0000 009F // D6 - PORTC Bit 6
                 ; 0000 00A0 // D7 - PORTC Bit 7
                 ; 0000 00A1 // Characters/line: 16
                 ; 0000 00A2 lcd_init(16);
0000a6 e1a0      	LDI  R26,LOW(16)
0000a7 d084      	RCALL _lcd_init
                 ; 0000 00A3 lcd_gotoxy(0,0);
0000a8 e0e0      	LDI  R30,LOW(0)
0000a9 93ea      	ST   -Y,R30
0000aa e0a0      	LDI  R26,LOW(0)
0000ab d041      	RCALL _lcd_gotoxy
                 ; 0000 00A4 lcd_puts("S send:  ");
                +
0000ac e6a0     +LDI R26 , LOW ( _0x3 + ( 0 ) )
0000ad e0b1     +LDI R27 , HIGH ( _0x3 + ( 0 ) )
                 	__POINTW2MN _0x3,0
0000ae d06c      	RCALL _lcd_puts
                 ; 0000 00A5 lcd_gotoxy(0,1);
0000af e0e0      	LDI  R30,LOW(0)
0000b0 93ea      	ST   -Y,R30
0000b1 e0a1      	LDI  R26,LOW(1)
0000b2 d03a      	RCALL _lcd_gotoxy
                 ; 0000 00A6 lcd_puts("S recieve:  ");
                +
0000b3 e6aa     +LDI R26 , LOW ( _0x3 + ( 10 ) )
0000b4 e0b1     +LDI R27 , HIGH ( _0x3 + ( 10 ) )
                 	__POINTW2MN _0x3,10
0000b5 d065      	RCALL _lcd_puts
                 ; 0000 00A7 
                 ; 0000 00A8 while (1)
                 _0x4:
                 ; 0000 00A9       {
                 ; 0000 00AA       data = spi(count); //count: sending   data: recieve
0000b6 2fa1      	MOV  R26,R17
0000b7 940e 0159 	CALL _spi
0000b9 2f0e      	MOV  R16,R30
                 ; 0000 00AB 
                 ; 0000 00AC       sprintf(buffer,"%d  ",count);
0000ba 940e 0322 	CALL SUBOPT_0x0
0000bc 2fe1      	MOV  R30,R17
0000bd 940e 032a 	CALL SUBOPT_0x1
                 ; 0000 00AD       lcd_gotoxy(10,0);
0000bf e0a0      	LDI  R26,LOW(0)
0000c0 940e 0336 	CALL SUBOPT_0x2
                 ; 0000 00AE       lcd_puts(buffer);
                 ; 0000 00AF       count = count+2;
0000c2 5f1e      	SUBI R17,-LOW(2)
                 ; 0000 00B0 
                 ; 0000 00B1       sprintf(buffer,"%d  ",data);
0000c3 940e 0322 	CALL SUBOPT_0x0
0000c5 2fe0      	MOV  R30,R16
0000c6 940e 032a 	CALL SUBOPT_0x1
                 ; 0000 00B2       lcd_gotoxy(10,1);
0000c8 e0a1      	LDI  R26,LOW(1)
0000c9 940e 0336 	CALL SUBOPT_0x2
                 ; 0000 00B3       lcd_puts(buffer);
                 ; 0000 00B4       }
0000cb cfea      	RJMP _0x4
                 ; 0000 00B5 }
                 _0x7:
0000cc cfff      	RJMP _0x7
                 ; .FEND
                 
                 	.DSEG
                 _0x3:
000160           	.BYTE 0x17
                 	#ifndef __SLEEP_DEFINED__
                 	#endif
                 
                 	.DSEG
                 
                 	.CSEG
                 __lcd_write_nibble_G100:
                 ; .FSTART __lcd_write_nibble_G100
0000cd 93aa      	ST   -Y,R26
0000ce b3e5      	IN   R30,0x15
0000cf 70ef      	ANDI R30,LOW(0xF)
0000d0 2fae      	MOV  R26,R30
0000d1 81e8      	LD   R30,Y
0000d2 7fe0      	ANDI R30,LOW(0xF0)
0000d3 2bea      	OR   R30,R26
0000d4 bbe5      	OUT  0x15,R30
                +
0000d5 e08d     +LDI R24 , LOW ( 13 )
                +__DELAY_USB_LOOP :
0000d6 958a     +DEC R24
0000d7 f7f1     +BRNE __DELAY_USB_LOOP
                 	__DELAY_USB 13
0000d8 9aaa      	SBI  0x15,2
                +
0000d9 e08d     +LDI R24 , LOW ( 13 )
                +__DELAY_USB_LOOP :
0000da 958a     +DEC R24
0000db f7f1     +BRNE __DELAY_USB_LOOP
                 	__DELAY_USB 13
0000dc 98aa      	CBI  0x15,2
                +
0000dd e08d     +LDI R24 , LOW ( 13 )
                +__DELAY_USB_LOOP :
0000de 958a     +DEC R24
0000df f7f1     +BRNE __DELAY_USB_LOOP
                 	__DELAY_USB 13
0000e0 c07e      	RJMP _0x20A0002
                 ; .FEND
                 __lcd_write_data:
                 ; .FSTART __lcd_write_data
0000e1 93aa      	ST   -Y,R26
0000e2 81a8      	LD   R26,Y
0000e3 dfe9      	RCALL __lcd_write_nibble_G100
0000e4 81e8          ld    r30,y
0000e5 95e2          swap  r30
0000e6 83e8          st    y,r30
0000e7 81a8      	LD   R26,Y
0000e8 dfe4      	RCALL __lcd_write_nibble_G100
                +
0000e9 e885     +LDI R24 , LOW ( 133 )
                +__DELAY_USB_LOOP :
0000ea 958a     +DEC R24
0000eb f7f1     +BRNE __DELAY_USB_LOOP
                 	__DELAY_USB 133
0000ec c072      	RJMP _0x20A0002
                 ; .FEND
                 _lcd_gotoxy:
                 ; .FSTART _lcd_gotoxy
0000ed 93aa      	ST   -Y,R26
0000ee 81e8      	LD   R30,Y
0000ef e0f0      	LDI  R31,0
0000f0 58e9      	SUBI R30,LOW(-__base_y_G100)
0000f1 4ffe      	SBCI R31,HIGH(-__base_y_G100)
0000f2 81e0      	LD   R30,Z
0000f3 81a9      	LDD  R26,Y+1
0000f4 0fae      	ADD  R26,R30
0000f5 dfeb      	RCALL __lcd_write_data
0000f6 8059      	LDD  R5,Y+1
0000f7 8048      	LDD  R4,Y+0
0000f8 9622      	ADIW R28,2
0000f9 9508      	RET
                 ; .FEND
                 _lcd_clear:
                 ; .FSTART _lcd_clear
0000fa e0a2      	LDI  R26,LOW(2)
0000fb 940e 033b 	CALL SUBOPT_0x3
0000fd e0ac      	LDI  R26,LOW(12)
0000fe dfe2      	RCALL __lcd_write_data
0000ff e0a1      	LDI  R26,LOW(1)
000100 940e 033b 	CALL SUBOPT_0x3
000102 e0e0      	LDI  R30,LOW(0)
000103 2e4e      	MOV  R4,R30
000104 2e5e      	MOV  R5,R30
000105 9508      	RET
                 ; .FEND
                 _lcd_putchar:
                 ; .FSTART _lcd_putchar
000106 93aa      	ST   -Y,R26
000107 81a8      	LD   R26,Y
000108 30aa      	CPI  R26,LOW(0xA)
000109 f011      	BREQ _0x2000005
00010a 1457      	CP   R5,R7
00010b f048      	BRLO _0x2000004
                 _0x2000005:
00010c e0e0      	LDI  R30,LOW(0)
00010d 93ea      	ST   -Y,R30
00010e 9443      	INC  R4
00010f 2da4      	MOV  R26,R4
000110 dfdc      	RCALL _lcd_gotoxy
000111 81a8      	LD   R26,Y
000112 30aa      	CPI  R26,LOW(0xA)
000113 f409      	BRNE _0x2000007
000114 c04a      	RJMP _0x20A0002
                 _0x2000007:
                 _0x2000004:
000115 9453      	INC  R5
000116 9aa8      	SBI  0x15,0
000117 81a8      	LD   R26,Y
000118 dfc8      	RCALL __lcd_write_data
000119 98a8      	CBI  0x15,0
00011a c044      	RJMP _0x20A0002
                 ; .FEND
                 _lcd_puts:
                 ; .FSTART _lcd_puts
00011b 93ba      	ST   -Y,R27
00011c 93aa      	ST   -Y,R26
00011d 931a      	ST   -Y,R17
                 _0x2000008:
00011e 81a9      	LDD  R26,Y+1
00011f 81ba      	LDD  R27,Y+1+1
000120 91ed      	LD   R30,X+
000121 83a9      	STD  Y+1,R26
000122 83ba      	STD  Y+1+1,R27
000123 2f1e      	MOV  R17,R30
000124 30e0      	CPI  R30,0
000125 f019      	BREQ _0x200000A
000126 2fa1      	MOV  R26,R17
000127 dfde      	RCALL _lcd_putchar
000128 cff5      	RJMP _0x2000008
                 _0x200000A:
000129 8118      	LDD  R17,Y+0
00012a 9623      	ADIW R28,3
00012b 9508      	RET
                 ; .FEND
                 _lcd_init:
                 ; .FSTART _lcd_init
00012c 93aa      	ST   -Y,R26
00012d b3e4      	IN   R30,0x14
00012e 6fe0      	ORI  R30,LOW(0xF0)
00012f bbe4      	OUT  0x14,R30
000130 9aa2      	SBI  0x14,2
000131 9aa0      	SBI  0x14,0
000132 9aa1      	SBI  0x14,1
000133 98aa      	CBI  0x15,2
000134 98a8      	CBI  0x15,0
000135 98a9      	CBI  0x15,1
000136 8078      	LDD  R7,Y+0
000137 81e8      	LD   R30,Y
000138 58e0      	SUBI R30,-LOW(128)
                +
000139 93e0 0179+STS __base_y_G100 + ( 2 ) , R30
                 	__PUTB1MN __base_y_G100,2
00013b 81e8      	LD   R30,Y
00013c 54e0      	SUBI R30,-LOW(192)
                +
00013d 93e0 017a+STS __base_y_G100 + ( 3 ) , R30
                 	__PUTB1MN __base_y_G100,3
00013f e1a4      	LDI  R26,LOW(20)
000140 e0b0      	LDI  R27,0
000141 940e 0375 	CALL _delay_ms
000143 940e 0341 	CALL SUBOPT_0x4
000145 940e 0341 	CALL SUBOPT_0x4
000147 940e 0341 	CALL SUBOPT_0x4
000149 e2a0      	LDI  R26,LOW(32)
00014a df82      	RCALL __lcd_write_nibble_G100
                +
00014b ec88     +LDI R24 , LOW ( 200 )
00014c e090     +LDI R25 , HIGH ( 200 )
                +__DELAY_USW_LOOP :
00014d 9701     +SBIW R24 , 1
00014e f7f1     +BRNE __DELAY_USW_LOOP
                 	__DELAY_USW 200
00014f e2a8      	LDI  R26,LOW(40)
000150 df90      	RCALL __lcd_write_data
000151 e0a4      	LDI  R26,LOW(4)
000152 df8e      	RCALL __lcd_write_data
000153 e8a5      	LDI  R26,LOW(133)
000154 df8c      	RCALL __lcd_write_data
000155 e0a6      	LDI  R26,LOW(6)
000156 df8a      	RCALL __lcd_write_data
000157 dfa2      	RCALL _lcd_clear
000158 c006      	RJMP _0x20A0002
                 ; .FEND
                 	#ifndef __SLEEP_DEFINED__
                 	#endif
                 
                 	.CSEG
                 _spi:
                 ; .FSTART _spi
000159 93aa      	ST   -Y,R26
00015a 81e8      	LD   R30,Y
00015b b9ef      	OUT  0xF,R30
                 _0x2020003:
00015c 9b77      	SBIS 0xE,7
00015d cffe      	RJMP _0x2020003
00015e b1ef      	IN   R30,0xF
                 _0x20A0002:
00015f 9621      	ADIW R28,1
000160 9508      	RET
                 ; .FEND
                 	#ifndef __SLEEP_DEFINED__
                 	#endif
                 
                 	.CSEG
                 _put_buff_G102:
                 ; .FSTART _put_buff_G102
000161 93ba      	ST   -Y,R27
000162 93aa      	ST   -Y,R26
000163 931a      	ST   -Y,R17
000164 930a      	ST   -Y,R16
000165 81aa      	LDD  R26,Y+2
000166 81bb      	LDD  R27,Y+2+1
000167 9612      	ADIW R26,2
000168 940e 0387 	CALL __GETW1P
00016a 9730      	SBIW R30,0
00016b f159      	BREQ _0x2040010
00016c 81aa      	LDD  R26,Y+2
00016d 81bb      	LDD  R27,Y+2+1
00016e 9614      	ADIW R26,4
00016f 940e 0387 	CALL __GETW1P
000171 018f      	MOVW R16,R30
000172 9730      	SBIW R30,0
000173 f061      	BREQ _0x2040012
                +
000174 3002     +CPI R16 , LOW ( 2 )
000175 e0e0     +LDI R30 , HIGH ( 2 )
000176 071e     +CPC R17 , R30
                 	__CPWRN 16,17,2
000177 f098      	BRLO _0x2040013
000178 01f8      	MOVW R30,R16
000179 9731      	SBIW R30,1
00017a 018f      	MOVW R16,R30
                +
00017b 81aa     +LDD R26 , Y + 2
00017c 81bb     +LDD R27 , Y + 2 + 1
00017d 9614     +ADIW R26 , 4
00017e 93ed     +ST X + , R30
00017f 93fc     +ST X , R31
                 	__PUTW1SNS 2,4
                 _0x2040012:
000180 81aa      	LDD  R26,Y+2
000181 81bb      	LDD  R27,Y+2+1
000182 9612      	ADIW R26,2
000183 91ed      	LD   R30,X+
000184 91fd      	LD   R31,X+
000185 9631      	ADIW R30,1
000186 93fe      	ST   -X,R31
000187 93ee      	ST   -X,R30
000188 9731      	SBIW R30,1
000189 81ac      	LDD  R26,Y+4
00018a 83a0      	STD  Z+0,R26
                 _0x2040013:
00018b 81aa      	LDD  R26,Y+2
00018c 81bb      	LDD  R27,Y+2+1
00018d 940e 0387 	CALL __GETW1P
00018f 23ff      	TST  R31
000190 f02a      	BRMI _0x2040014
000191 91ed      	LD   R30,X+
000192 91fd      	LD   R31,X+
000193 9631      	ADIW R30,1
000194 93fe      	ST   -X,R31
000195 93ee      	ST   -X,R30
                 _0x2040014:
000196 c006      	RJMP _0x2040015
                 _0x2040010:
000197 81aa      	LDD  R26,Y+2
000198 81bb      	LDD  R27,Y+2+1
000199 efef      	LDI  R30,LOW(65535)
00019a efff      	LDI  R31,HIGH(65535)
00019b 93ed      	ST   X+,R30
00019c 93fc      	ST   X,R31
                 _0x2040015:
00019d 8119      	LDD  R17,Y+1
00019e 8108      	LDD  R16,Y+0
00019f 9625      	ADIW R28,5
0001a0 9508      	RET
                 ; .FEND
                 __print_G102:
                 ; .FSTART __print_G102
0001a1 93ba      	ST   -Y,R27
0001a2 93aa      	ST   -Y,R26
0001a3 9726      	SBIW R28,6
0001a4 940e 0394 	CALL __SAVELOCR6
0001a6 e010      	LDI  R17,0
0001a7 85ac      	LDD  R26,Y+12
0001a8 85bd      	LDD  R27,Y+12+1
0001a9 e0e0      	LDI  R30,LOW(0)
0001aa e0f0      	LDI  R31,HIGH(0)
0001ab 93ed      	ST   X+,R30
0001ac 93fc      	ST   X,R31
                 _0x2040016:
0001ad 89ea      	LDD  R30,Y+18
0001ae 89fb      	LDD  R31,Y+18+1
0001af 9631      	ADIW R30,1
0001b0 8bea      	STD  Y+18,R30
0001b1 8bfb      	STD  Y+18+1,R31
0001b2 9731      	SBIW R30,1
0001b3 91e4      	LPM  R30,Z
0001b4 2f2e      	MOV  R18,R30
0001b5 30e0      	CPI  R30,0
0001b6 f409      	BRNE PC+2
0001b7 c115      	RJMP _0x2040018
0001b8 2fe1      	MOV  R30,R17
0001b9 30e0      	CPI  R30,0
0001ba f439      	BRNE _0x204001C
0001bb 3225      	CPI  R18,37
0001bc f411      	BRNE _0x204001D
0001bd e011      	LDI  R17,LOW(1)
0001be c002      	RJMP _0x204001E
                 _0x204001D:
0001bf 940e 0349 	CALL SUBOPT_0x5
                 _0x204001E:
0001c1 c10a      	RJMP _0x204001B
                 _0x204001C:
0001c2 30e1      	CPI  R30,LOW(0x1)
0001c3 f4a9      	BRNE _0x204001F
0001c4 3225      	CPI  R18,37
0001c5 f419      	BRNE _0x2040020
0001c6 940e 0349 	CALL SUBOPT_0x5
0001c8 c102      	RJMP _0x20400CC
                 _0x2040020:
0001c9 e012      	LDI  R17,LOW(2)
0001ca e040      	LDI  R20,LOW(0)
0001cb e000      	LDI  R16,LOW(0)
0001cc 322d      	CPI  R18,45
0001cd f411      	BRNE _0x2040021
0001ce e001      	LDI  R16,LOW(1)
0001cf c0fc      	RJMP _0x204001B
                 _0x2040021:
0001d0 322b      	CPI  R18,43
0001d1 f411      	BRNE _0x2040022
0001d2 e24b      	LDI  R20,LOW(43)
0001d3 c0f8      	RJMP _0x204001B
                 _0x2040022:
0001d4 3220      	CPI  R18,32
0001d5 f411      	BRNE _0x2040023
0001d6 e240      	LDI  R20,LOW(32)
0001d7 c0f4      	RJMP _0x204001B
                 _0x2040023:
0001d8 c002      	RJMP _0x2040024
                 _0x204001F:
0001d9 30e2      	CPI  R30,LOW(0x2)
0001da f439      	BRNE _0x2040025
                 _0x2040024:
0001db e050      	LDI  R21,LOW(0)
0001dc e013      	LDI  R17,LOW(3)
0001dd 3320      	CPI  R18,48
0001de f411      	BRNE _0x2040026
0001df 6800      	ORI  R16,LOW(128)
0001e0 c0eb      	RJMP _0x204001B
                 _0x2040026:
0001e1 c003      	RJMP _0x2040027
                 _0x2040025:
0001e2 30e3      	CPI  R30,LOW(0x3)
0001e3 f009      	BREQ PC+2
0001e4 c0e7      	RJMP _0x204001B
                 _0x2040027:
0001e5 3320      	CPI  R18,48
0001e6 f010      	BRLO _0x204002A
0001e7 332a      	CPI  R18,58
0001e8 f008      	BRLO _0x204002B
                 _0x204002A:
0001e9 c007      	RJMP _0x2040029
                 _0x204002B:
0001ea e0aa      	LDI  R26,LOW(10)
0001eb 9f5a      	MUL  R21,R26
0001ec 2d50      	MOV  R21,R0
0001ed 2fe2      	MOV  R30,R18
0001ee 53e0      	SUBI R30,LOW(48)
0001ef 0f5e      	ADD  R21,R30
0001f0 c0db      	RJMP _0x204001B
                 _0x2040029:
0001f1 2fe2      	MOV  R30,R18
0001f2 36e3      	CPI  R30,LOW(0x63)
0001f3 f449      	BRNE _0x204002F
0001f4 940e 0350 	CALL SUBOPT_0x6
0001f6 89e8      	LDD  R30,Y+16
0001f7 89f9      	LDD  R31,Y+16+1
0001f8 81a4      	LDD  R26,Z+4
0001f9 93aa      	ST   -Y,R26
0001fa 940e 0356 	CALL SUBOPT_0x7
0001fc c0ce      	RJMP _0x2040030
                 _0x204002F:
0001fd 37e3      	CPI  R30,LOW(0x73)
0001fe f441      	BRNE _0x2040032
0001ff 940e 0350 	CALL SUBOPT_0x6
000201 940e 035c 	CALL SUBOPT_0x8
000203 940e 0309 	CALL _strlen
000205 2f1e      	MOV  R17,R30
000206 c00a      	RJMP _0x2040033
                 _0x2040032:
000207 37e0      	CPI  R30,LOW(0x70)
000208 f461      	BRNE _0x2040035
000209 940e 0350 	CALL SUBOPT_0x6
00020b 940e 035c 	CALL SUBOPT_0x8
00020d 940e 0315 	CALL _strlenf
00020f 2f1e      	MOV  R17,R30
000210 6008      	ORI  R16,LOW(8)
                 _0x2040033:
000211 6002      	ORI  R16,LOW(2)
000212 770f      	ANDI R16,LOW(127)
000213 e030      	LDI  R19,LOW(0)
000214 c034      	RJMP _0x2040036
                 _0x2040035:
000215 36e4      	CPI  R30,LOW(0x64)
000216 f011      	BREQ _0x2040039
000217 36e9      	CPI  R30,LOW(0x69)
000218 f411      	BRNE _0x204003A
                 _0x2040039:
000219 6004      	ORI  R16,LOW(4)
00021a c002      	RJMP _0x204003B
                 _0x204003A:
00021b 37e5      	CPI  R30,LOW(0x75)
00021c f431      	BRNE _0x204003C
                 _0x204003B:
00021d e5e4      	LDI  R30,LOW(_tbl10_G102*2)
00021e e0f0      	LDI  R31,HIGH(_tbl10_G102*2)
00021f 83ee      	STD  Y+6,R30
000220 83ff      	STD  Y+6+1,R31
000221 e015      	LDI  R17,LOW(5)
000222 c00c      	RJMP _0x204003D
                 _0x204003C:
000223 35e8      	CPI  R30,LOW(0x58)
000224 f411      	BRNE _0x204003F
000225 6008      	ORI  R16,LOW(8)
000226 c003      	RJMP _0x2040040
                 _0x204003F:
000227 37e8      	CPI  R30,LOW(0x78)
000228 f009      	BREQ PC+2
000229 c0a1      	RJMP _0x2040071
                 _0x2040040:
00022a e5ee      	LDI  R30,LOW(_tbl16_G102*2)
00022b e0f0      	LDI  R31,HIGH(_tbl16_G102*2)
00022c 83ee      	STD  Y+6,R30
00022d 83ff      	STD  Y+6+1,R31
00022e e014      	LDI  R17,LOW(4)
                 _0x204003D:
00022f ff02      	SBRS R16,2
000230 c014      	RJMP _0x2040042
000231 940e 0350 	CALL SUBOPT_0x6
000233 940e 0366 	CALL SUBOPT_0x9
000235 85ab      	LDD  R26,Y+11
000236 23aa      	TST  R26
000237 f43a      	BRPL _0x2040043
000238 85ea      	LDD  R30,Y+10
000239 85fb      	LDD  R31,Y+10+1
00023a 940e 0383 	CALL __ANEGW1
00023c 87ea      	STD  Y+10,R30
00023d 87fb      	STD  Y+10+1,R31
00023e e24d      	LDI  R20,LOW(45)
                 _0x2040043:
00023f 3040      	CPI  R20,0
000240 f011      	BREQ _0x2040044
000241 5f1f      	SUBI R17,-LOW(1)
000242 c001      	RJMP _0x2040045
                 _0x2040044:
000243 7f0b      	ANDI R16,LOW(251)
                 _0x2040045:
000244 c004      	RJMP _0x2040046
                 _0x2040042:
000245 940e 0350 	CALL SUBOPT_0x6
000247 940e 0366 	CALL SUBOPT_0x9
                 _0x2040046:
                 _0x2040036:
000249 fd00      	SBRC R16,0
00024a c011      	RJMP _0x2040047
                 _0x2040048:
00024b 1715      	CP   R17,R21
00024c f478      	BRSH _0x204004A
00024d ff07      	SBRS R16,7
00024e c008      	RJMP _0x204004B
00024f ff02      	SBRS R16,2
000250 c004      	RJMP _0x204004C
000251 7f0b      	ANDI R16,LOW(251)
000252 2f24      	MOV  R18,R20
000253 5011      	SUBI R17,LOW(1)
000254 c001      	RJMP _0x204004D
                 _0x204004C:
000255 e320      	LDI  R18,LOW(48)
                 _0x204004D:
000256 c001      	RJMP _0x204004E
                 _0x204004B:
000257 e220      	LDI  R18,LOW(32)
                 _0x204004E:
000258 940e 0349 	CALL SUBOPT_0x5
00025a 5051      	SUBI R21,LOW(1)
00025b cfef      	RJMP _0x2040048
                 _0x204004A:
                 _0x2040047:
00025c 2f31      	MOV  R19,R17
00025d ff01      	SBRS R16,1
00025e c017      	RJMP _0x204004F
                 _0x2040050:
00025f 3030      	CPI  R19,0
000260 f0a1      	BREQ _0x2040052
000261 ff03      	SBRS R16,3
000262 c006      	RJMP _0x2040053
000263 81ee      	LDD  R30,Y+6
000264 81ff      	LDD  R31,Y+6+1
000265 9125      	LPM  R18,Z+
000266 83ee      	STD  Y+6,R30
000267 83ff      	STD  Y+6+1,R31
000268 c005      	RJMP _0x2040054
                 _0x2040053:
000269 81ae      	LDD  R26,Y+6
00026a 81bf      	LDD  R27,Y+6+1
00026b 912d      	LD   R18,X+
00026c 83ae      	STD  Y+6,R26
00026d 83bf      	STD  Y+6+1,R27
                 _0x2040054:
00026e 940e 0349 	CALL SUBOPT_0x5
000270 3050      	CPI  R21,0
000271 f009      	BREQ _0x2040055
000272 5051      	SUBI R21,LOW(1)
                 _0x2040055:
000273 5031      	SUBI R19,LOW(1)
000274 cfea      	RJMP _0x2040050
                 _0x2040052:
000275 c04b      	RJMP _0x2040056
                 _0x204004F:
                 _0x2040058:
000276 e320      	LDI  R18,LOW(48)
000277 81ee      	LDD  R30,Y+6
000278 81ff      	LDD  R31,Y+6+1
000279 940e 038b 	CALL __GETW1PF
00027b 87e8      	STD  Y+8,R30
00027c 87f9      	STD  Y+8+1,R31
00027d 81ee      	LDD  R30,Y+6
00027e 81ff      	LDD  R31,Y+6+1
00027f 9632      	ADIW R30,2
000280 83ee      	STD  Y+6,R30
000281 83ff      	STD  Y+6+1,R31
                 _0x204005A:
000282 85e8      	LDD  R30,Y+8
000283 85f9      	LDD  R31,Y+8+1
000284 85aa      	LDD  R26,Y+10
000285 85bb      	LDD  R27,Y+10+1
000286 17ae      	CP   R26,R30
000287 07bf      	CPC  R27,R31
000288 f050      	BRLO _0x204005C
000289 5f2f      	SUBI R18,-LOW(1)
00028a 85a8      	LDD  R26,Y+8
00028b 85b9      	LDD  R27,Y+8+1
00028c 85ea      	LDD  R30,Y+10
00028d 85fb      	LDD  R31,Y+10+1
00028e 1bea      	SUB  R30,R26
00028f 0bfb      	SBC  R31,R27
000290 87ea      	STD  Y+10,R30
000291 87fb      	STD  Y+10+1,R31
000292 cfef      	RJMP _0x204005A
                 _0x204005C:
000293 332a      	CPI  R18,58
000294 f028      	BRLO _0x204005D
000295 ff03      	SBRS R16,3
000296 c002      	RJMP _0x204005E
000297 5f29      	SUBI R18,-LOW(7)
000298 c001      	RJMP _0x204005F
                 _0x204005E:
000299 5d29      	SUBI R18,-LOW(39)
                 _0x204005F:
                 _0x204005D:
00029a fd04      	SBRC R16,4
00029b c01a      	RJMP _0x2040061
00029c 3321      	CPI  R18,49
00029d f420      	BRSH _0x2040063
00029e 85a8      	LDD  R26,Y+8
00029f 85b9      	LDD  R27,Y+8+1
0002a0 9711      	SBIW R26,1
0002a1 f409      	BRNE _0x2040062
                 _0x2040063:
0002a2 c009      	RJMP _0x20400CD
                 _0x2040062:
0002a3 1753      	CP   R21,R19
0002a4 f010      	BRLO _0x2040067
0002a5 ff00      	SBRS R16,0
0002a6 c001      	RJMP _0x2040068
                 _0x2040067:
0002a7 c013      	RJMP _0x2040066
                 _0x2040068:
0002a8 e220      	LDI  R18,LOW(32)
0002a9 ff07      	SBRS R16,7
0002aa c00b      	RJMP _0x2040069
0002ab e320      	LDI  R18,LOW(48)
                 _0x20400CD:
0002ac 6100      	ORI  R16,LOW(16)
0002ad ff02      	SBRS R16,2
0002ae c007      	RJMP _0x204006A
0002af 7f0b      	ANDI R16,LOW(251)
0002b0 934a      	ST   -Y,R20
0002b1 940e 0356 	CALL SUBOPT_0x7
0002b3 3050      	CPI  R21,0
0002b4 f009      	BREQ _0x204006B
0002b5 5051      	SUBI R21,LOW(1)
                 _0x204006B:
                 _0x204006A:
                 _0x2040069:
                 _0x2040061:
0002b6 940e 0349 	CALL SUBOPT_0x5
0002b8 3050      	CPI  R21,0
0002b9 f009      	BREQ _0x204006C
0002ba 5051      	SUBI R21,LOW(1)
                 _0x204006C:
                 _0x2040066:
0002bb 5031      	SUBI R19,LOW(1)
0002bc 85a8      	LDD  R26,Y+8
0002bd 85b9      	LDD  R27,Y+8+1
0002be 9712      	SBIW R26,2
0002bf f008      	BRLO _0x2040059
0002c0 cfb5      	RJMP _0x2040058
                 _0x2040059:
                 _0x2040056:
0002c1 ff00      	SBRS R16,0
0002c2 c008      	RJMP _0x204006D
                 _0x204006E:
0002c3 3050      	CPI  R21,0
0002c4 f031      	BREQ _0x2040070
0002c5 5051      	SUBI R21,LOW(1)
0002c6 e2e0      	LDI  R30,LOW(32)
0002c7 93ea      	ST   -Y,R30
0002c8 940e 0356 	CALL SUBOPT_0x7
0002ca cff8      	RJMP _0x204006E
                 _0x2040070:
                 _0x204006D:
                 _0x2040071:
                 _0x2040030:
                 _0x20400CC:
0002cb e010      	LDI  R17,LOW(0)
                 _0x204001B:
0002cc cee0      	RJMP _0x2040016
                 _0x2040018:
0002cd 85ac      	LDD  R26,Y+12
0002ce 85bd      	LDD  R27,Y+12+1
0002cf 940e 0387 	CALL __GETW1P
0002d1 940e 039b 	CALL __LOADLOCR6
0002d3 9664      	ADIW R28,20
0002d4 9508      	RET
                 ; .FEND
                 _sprintf:
                 ; .FSTART _sprintf
0002d5 92ff      	PUSH R15
0002d6 2ef8      	MOV  R15,R24
0002d7 9726      	SBIW R28,6
0002d8 940e 0396 	CALL __SAVELOCR4
0002da 940e 036e 	CALL SUBOPT_0xA
0002dc 9730      	SBIW R30,0
0002dd f419      	BRNE _0x2040072
0002de efef      	LDI  R30,LOW(65535)
0002df efff      	LDI  R31,HIGH(65535)
0002e0 c023      	RJMP _0x20A0001
                 _0x2040072:
0002e1 01de      	MOVW R26,R28
0002e2 9616      	ADIW R26,6
0002e3 940e 037f 	CALL __ADDW2R15
0002e5 018d      	MOVW R16,R26
0002e6 940e 036e 	CALL SUBOPT_0xA
0002e8 83ee      	STD  Y+6,R30
0002e9 83ff      	STD  Y+6+1,R31
0002ea e0e0      	LDI  R30,LOW(0)
0002eb 87e8      	STD  Y+8,R30
0002ec 87e9      	STD  Y+8+1,R30
0002ed 01de      	MOVW R26,R28
0002ee 961a      	ADIW R26,10
0002ef 940e 037f 	CALL __ADDW2R15
0002f1 940e 0387 	CALL __GETW1P
0002f3 93fa      	ST   -Y,R31
0002f4 93ea      	ST   -Y,R30
0002f5 931a      	ST   -Y,R17
0002f6 930a      	ST   -Y,R16
0002f7 e6e1      	LDI  R30,LOW(_put_buff_G102)
0002f8 e0f1      	LDI  R31,HIGH(_put_buff_G102)
0002f9 93fa      	ST   -Y,R31
0002fa 93ea      	ST   -Y,R30
0002fb 01de      	MOVW R26,R28
0002fc 961a      	ADIW R26,10
0002fd dea3      	RCALL __print_G102
0002fe 019f      	MOVW R18,R30
0002ff 81ae      	LDD  R26,Y+6
000300 81bf      	LDD  R27,Y+6+1
000301 e0e0      	LDI  R30,LOW(0)
000302 93ec      	ST   X,R30
000303 01f9      	MOVW R30,R18
                 _0x20A0001:
000304 940e 039d 	CALL __LOADLOCR4
000306 962a      	ADIW R28,10
000307 90ff      	POP  R15
000308 9508      	RET
                 ; .FEND
                 
                 	.CSEG
                 
                 	.CSEG
                 _strlen:
                 ; .FSTART _strlen
000309 93ba      	ST   -Y,R27
00030a 93aa      	ST   -Y,R26
00030b 91a9          ld   r26,y+
00030c 91b9          ld   r27,y+
00030d 27ee          clr  r30
00030e 27ff          clr  r31
                 strlen0:
00030f 916d          ld   r22,x+
000310 2366          tst  r22
000311 f011          breq strlen1
000312 9631          adiw r30,1
000313 cffb          rjmp strlen0
                 strlen1:
000314 9508          ret
                 ; .FEND
                 _strlenf:
                 ; .FSTART _strlenf
000315 93ba      	ST   -Y,R27
000316 93aa      	ST   -Y,R26
000317 27aa          clr  r26
000318 27bb          clr  r27
000319 91e9          ld   r30,y+
00031a 91f9          ld   r31,y+
                 strlenf0:
00031b 9005      	lpm  r0,z+
00031c 2000          tst  r0
00031d f011          breq strlenf1
00031e 9611          adiw r26,1
00031f cffb          rjmp strlenf0
                 strlenf1:
000320 01fd          movw r30,r26
000321 9508          ret
                 ; .FEND
                 
                 	.DSEG
                 __base_y_G100:
000177           	.BYTE 0x4
                 
                 	.CSEG
                 ;OPTIMIZER ADDED SUBROUTINE, CALLED 2 TIMES, CODE SIZE REDUCTION:3 WORDS
                 SUBOPT_0x0:
000322 01fe      	MOVW R30,R28
000323 93fa      	ST   -Y,R31
000324 93ea      	ST   -Y,R30
                +
000325 e7ed     +LDI R30 , LOW ( 2 * _0x0 + ( 23 ) )
000326 e0f0     +LDI R31 , HIGH ( 2 * _0x0 + ( 23 ) )
                 	__POINTW1FN _0x0,23
000327 93fa      	ST   -Y,R31
000328 93ea      	ST   -Y,R30
000329 9508      	RET
                 
                 ;OPTIMIZER ADDED SUBROUTINE, CALLED 2 TIMES, CODE SIZE REDUCTION:6 WORDS
                 SUBOPT_0x1:
00032a 27ff      	CLR  R31
00032b 2766      	CLR  R22
00032c 2777      	CLR  R23
00032d 940e 038f 	CALL __PUTPARD1
00032f e084      	LDI  R24,4
000330 940e 02d5 	CALL _sprintf
000332 9628      	ADIW R28,8
000333 e0ea      	LDI  R30,LOW(10)
000334 93ea      	ST   -Y,R30
000335 9508      	RET
                 
                 ;OPTIMIZER ADDED SUBROUTINE, CALLED 2 TIMES, CODE SIZE REDUCTION:1 WORDS
                 SUBOPT_0x2:
000336 940e 00ed 	CALL _lcd_gotoxy
000338 01de      	MOVW R26,R28
000339 940c 011b 	JMP  _lcd_puts
                 
                 ;OPTIMIZER ADDED SUBROUTINE, CALLED 2 TIMES, CODE SIZE REDUCTION:1 WORDS
                 SUBOPT_0x3:
00033b 940e 00e1 	CALL __lcd_write_data
00033d e0a3      	LDI  R26,LOW(3)
00033e e0b0      	LDI  R27,0
00033f 940c 0375 	JMP  _delay_ms
                 
                 ;OPTIMIZER ADDED SUBROUTINE, CALLED 3 TIMES, CODE SIZE REDUCTION:7 WORDS
                 SUBOPT_0x4:
000341 e3a0      	LDI  R26,LOW(48)
000342 940e 00cd 	CALL __lcd_write_nibble_G100
                +
000344 ec88     +LDI R24 , LOW ( 200 )
000345 e090     +LDI R25 , HIGH ( 200 )
                +__DELAY_USW_LOOP :
000346 9701     +SBIW R24 , 1
000347 f7f1     +BRNE __DELAY_USW_LOOP
                 	__DELAY_USW 200
000348 9508      	RET
                 
                 ;OPTIMIZER ADDED SUBROUTINE, CALLED 5 TIMES, CODE SIZE REDUCTION:13 WORDS
                 SUBOPT_0x5:
000349 932a      	ST   -Y,R18
00034a 85ad      	LDD  R26,Y+13
00034b 85be      	LDD  R27,Y+13+1
00034c 85ef      	LDD  R30,Y+15
00034d 89f8      	LDD  R31,Y+15+1
00034e 9509      	ICALL
00034f 9508      	RET
                 
                 ;OPTIMIZER ADDED SUBROUTINE, CALLED 5 TIMES, CODE SIZE REDUCTION:9 WORDS
                 SUBOPT_0x6:
000350 89e8      	LDD  R30,Y+16
000351 89f9      	LDD  R31,Y+16+1
000352 9734      	SBIW R30,4
000353 8be8      	STD  Y+16,R30
000354 8bf9      	STD  Y+16+1,R31
000355 9508      	RET
                 
                 ;OPTIMIZER ADDED SUBROUTINE, CALLED 3 TIMES, CODE SIZE REDUCTION:3 WORDS
                 SUBOPT_0x7:
000356 85ad      	LDD  R26,Y+13
000357 85be      	LDD  R27,Y+13+1
000358 85ef      	LDD  R30,Y+15
000359 89f8      	LDD  R31,Y+15+1
00035a 9509      	ICALL
00035b 9508      	RET
                 
                 ;OPTIMIZER ADDED SUBROUTINE, CALLED 2 TIMES, CODE SIZE REDUCTION:4 WORDS
                 SUBOPT_0x8:
00035c 89a8      	LDD  R26,Y+16
00035d 89b9      	LDD  R27,Y+16+1
00035e 9614      	ADIW R26,4
00035f 940e 0387 	CALL __GETW1P
000361 83ee      	STD  Y+6,R30
000362 83ff      	STD  Y+6+1,R31
000363 81ae      	LDD  R26,Y+6
000364 81bf      	LDD  R27,Y+6+1
000365 9508      	RET
                 
                 ;OPTIMIZER ADDED SUBROUTINE, CALLED 2 TIMES, CODE SIZE REDUCTION:2 WORDS
                 SUBOPT_0x9:
000366 89a8      	LDD  R26,Y+16
000367 89b9      	LDD  R27,Y+16+1
000368 9614      	ADIW R26,4
000369 940e 0387 	CALL __GETW1P
00036b 87ea      	STD  Y+10,R30
00036c 87fb      	STD  Y+10+1,R31
00036d 9508      	RET
                 
                 ;OPTIMIZER ADDED SUBROUTINE, CALLED 2 TIMES, CODE SIZE REDUCTION:1 WORDS
                 SUBOPT_0xA:
00036e 01de      	MOVW R26,R28
00036f 961c      	ADIW R26,12
000370 940e 037f 	CALL __ADDW2R15
000372 940e 0387 	CALL __GETW1P
000374 9508      	RET
                 
                 
                 	.CSEG
                 _delay_ms:
000375 9610      	adiw r26,0
000376 f039      	breq __delay_ms1
                 __delay_ms0:
                +
000377 ed80     +LDI R24 , LOW ( 0x7D0 )
000378 e097     +LDI R25 , HIGH ( 0x7D0 )
                +__DELAY_USW_LOOP :
000379 9701     +SBIW R24 , 1
00037a f7f1     +BRNE __DELAY_USW_LOOP
                 	__DELAY_USW 0x7D0
00037b 95a8      	wdr
00037c 9711      	sbiw r26,1
00037d f7c9      	brne __delay_ms0
                 __delay_ms1:
00037e 9508      	ret
                 
                 __ADDW2R15:
00037f 2400      	CLR  R0
000380 0daf      	ADD  R26,R15
000381 1db0      	ADC  R27,R0
000382 9508      	RET
                 
                 __ANEGW1:
000383 95f1      	NEG  R31
000384 95e1      	NEG  R30
000385 40f0      	SBCI R31,0
000386 9508      	RET
                 
                 __GETW1P:
000387 91ed      	LD   R30,X+
000388 91fc      	LD   R31,X
000389 9711      	SBIW R26,1
00038a 9508      	RET
                 
                 __GETW1PF:
00038b 9005      	LPM  R0,Z+
00038c 91f4      	LPM  R31,Z
00038d 2de0      	MOV  R30,R0
00038e 9508      	RET
                 
                 __PUTPARD1:
00038f 937a      	ST   -Y,R23
000390 936a      	ST   -Y,R22
000391 93fa      	ST   -Y,R31
000392 93ea      	ST   -Y,R30
000393 9508      	RET
                 
                 __SAVELOCR6:
000394 935a      	ST   -Y,R21
                 __SAVELOCR5:
000395 934a      	ST   -Y,R20
                 __SAVELOCR4:
000396 933a      	ST   -Y,R19
                 __SAVELOCR3:
000397 932a      	ST   -Y,R18
                 __SAVELOCR2:
000398 931a      	ST   -Y,R17
000399 930a      	ST   -Y,R16
00039a 9508      	RET
                 
                 __LOADLOCR6:
00039b 815d      	LDD  R21,Y+5
                 __LOADLOCR5:
00039c 814c      	LDD  R20,Y+4
                 __LOADLOCR4:
00039d 813b      	LDD  R19,Y+3
                 __LOADLOCR3:
00039e 812a      	LDD  R18,Y+2
                 __LOADLOCR2:
00039f 8119      	LDD  R17,Y+1
0003a0 8108      	LD   R16,Y
0003a1 9508      	RET
                 
                 ;END OF CODE MARKER
                 __END_OF_CODE:


RESOURCE USE INFORMATION
------------------------

Notice:
The register and instruction counts are symbol table hit counts,
and hence implicitly used resources are not counted, eg, the
'lpm' instruction without operands implicitly uses r0 and z,
none of which are counted.

x,y,z are separate entities in the symbol table and are
counted separately from r26..r31 here.

.dseg memory usage only counts static data declared with .byte

ATmega16 register use summary:
r0 :  11 r1 :   1 r2 :   0 r3 :   0 r4 :   4 r5 :   4 r6 :   0 r7 :   2 
r8 :   0 r9 :   0 r10:   0 r11:   0 r12:   0 r13:   0 r14:   0 r15:   4 
r16:  37 r17:  28 r18:  29 r19:   8 r20:   9 r21:  17 r22:   6 r23:   2 
r24:  23 r25:   5 r26: 104 r27:  38 r28:  17 r29:   1 r30: 198 r31:  57 
x  :  23 y  : 170 z  :  15 
Registers used: 25 out of 35 (71.4%)

ATmega16 instruction use summary:
.lds  :   0 .lds.l:   0 .sts  :   0 .sts.l:   0 adc   :   1 add   :   3 
adiw  :  24 and   :   0 andi  :   6 asr   :   0 bclr  :   0 bld   :   0 
brbc  :   0 brbs  :   0 brcc  :   0 brcs  :   0 break :   0 breq  :  17 
brge  :   0 brhc  :   0 brhs  :   0 brid  :   0 brie  :   0 brlo  :   8 
brlt  :   0 brmi  :   1 brne  :  30 brpl  :   1 brsh  :   2 brtc  :   0 
brts  :   0 brvc  :   0 brvs  :   0 bset  :   0 bst   :   0 call  :  56 
cbi   :   5 cbr   :   0 clc   :   0 clh   :   0 cli   :   1 cln   :   0 
clr   :  10 cls   :   0 clt   :   0 clv   :   0 clz   :   0 com   :   0 
cp    :   4 cpc   :   2 cpi   :  33 cpse  :   0 dec   :   5 des   :   0 
eor   :   0 fmul  :   0 fmuls :   0 fmulsu:   0 icall :   2 ijmp  :   0 
in    :   3 inc   :   2 jmp   :  24 ld    :  26 ldd   :  77 ldi   :  99 
lds   :   0 lpm   :  14 lsl   :   0 lsr   :   0 mov   :  21 movw  :  16 
mul   :   1 muls  :   0 mulsu :   0 neg   :   2 nop   :   0 or    :   1 
ori   :   7 out   :  44 pop   :   1 push  :   1 rcall :  19 ret   :  26 
reti  :   0 rjmp  :  61 rol   :   0 ror   :   0 sbc   :   1 sbci  :   2 
sbi   :   5 sbic  :   0 sbis  :   1 sbiw  :  20 sbr   :   0 sbrc  :   2 
sbrs  :  10 sec   :   0 seh   :   0 sei   :   0 sen   :   0 ser   :   0 
ses   :   0 set   :   0 sev   :   0 sez   :   0 sleep :   0 spm   :   0 
st    :  62 std   :  31 sts   :   2 sub   :   1 subi  :  17 swap  :   1 
tst   :   4 wdr   :   1 
Instructions used: 53 out of 116 (45.7%)

ATmega16 memory use summary [bytes]:
Segment   Begin    End      Code   Data   Used    Size   Use%
---------------------------------------------------------------
[.cseg] 0x000000 0x000744   1792     68   1860   16384  11.4%
[.dseg] 0x000060 0x00017b      0     27     27    1024   2.6%
[.eseg] 0x000000 0x000000      0      0      0     512   0.0%

Assembly complete, 0 errors, 3 warnings
